0.000481 car_000: 開始 0.000219 s  0 -> 2
0.00366 car_000: 接続 0 -> 2
0.109 car_000: 進入 
1.0 car_001: 開始 1.0 s  1 -> 0
1.0 car_001: 接続 1 -> 0
2.0 car_002: 開始 2.0 s  1 -> 0
2.0 car_003: 開始 2.0 s  0 -> 1
2.01 car_004: 開始 2.01 s  2 -> 3
2.01 car_002: 接続 1 -> 0
2.01 car_004: 接続 2 -> 3
2.02 car_003: 接続 0 -> 1
2.11 car_000: 通過 
4.01 car_005: 開始 4.01 s  2 -> 0
4.01 car_006: 開始 4.01 s  2 -> 0
4.01 car_005: 接続 2 -> 0
4.02 car_006: 接続 2 -> 0
6.01 car_007: 開始 6.01 s  3 -> 2
6.02 car_007: 接続 3 -> 2
8.02 car_008: 開始 8.01 s  3 -> 0
8.02 car_009: 開始 8.02 s  2 -> 1
8.02 car_009: 接続 2 -> 1
8.02 car_008: 接続 3 -> 0
10.0 car_010: 開始 10.0 s  1 -> 3
10.0 car_011: 開始 10.0 s  2 -> 1
10.0 car_010: 接続 1 -> 3
10.0 car_011: 接続 2 -> 1
11.0 car_012: 開始 11.0 s  0 -> 1
11.0 car_013: 開始 11.0 s  2 -> 1
11.0 car_014: 開始 11.0 s  1 -> 2
11.0 car_012: 接続 0 -> 1
11.0 car_013: 接続 2 -> 1
11.0 car_014: 接続 1 -> 2
13.0 car_015: 開始 13.0 s  3 -> 1
13.0 car_015: 接続 3 -> 1
0.000728 car_000: 開始 0.000329 s  0 -> 2
0.00121 car_001: 開始 0.00109 s  2 -> 1
0.00402 car_000: 接続 0 -> 2
0.00536 car_001: 接続 2 -> 1
0.111 car_000: 進入 
1.0 car_002: 開始 1.0 s  2 -> 0
1.01 car_002: 接続 2 -> 0
2.12 car_000: 通過 
3.01 car_003: 開始 3.01 s  2 -> 3
3.01 car_003: 接続 2 -> 3
5.01 car_004: 開始 5.01 s  0 -> 3
5.02 car_004: 接続 0 -> 3
6.01 car_005: 開始 6.01 s  3 -> 2
6.02 car_005: 接続 3 -> 2
7.02 car_006: 開始 7.02 s  2 -> 3
7.02 car_007: 開始 7.02 s  2 -> 1
7.02 car_006: 接続 2 -> 3
7.02 car_007: 接続 2 -> 1
8.02 car_008: 開始 8.02 s  0 -> 1
8.02 car_009: 開始 8.02 s  0 -> 1
8.02 car_008: 接続 0 -> 1
8.03 car_009: 接続 0 -> 1
9.02 car_010: 開始 9.02 s  2 -> 3
9.02 car_010: 接続 2 -> 3
0.000656 car_000: 開始 0.000324 s  1 -> 0
0.0043 car_000: 接続 1 -> 0
0.114 car_000: 進入 
2.01 car_001: 開始 2.01 s  0 -> 2
2.01 car_002: 開始 2.01 s  1 -> 2
2.01 car_001: 接続 0 -> 2
2.02 car_002: 接続 1 -> 2
2.12 car_000: 通過 
4.01 car_003: 開始 4.01 s  2 -> 3
4.02 car_003: 接続 2 -> 3
5.02 car_004: 開始 5.02 s  2 -> 1
5.02 car_004: 接続 2 -> 1
6.02 car_005: 開始 6.02 s  2 -> 0
6.02 car_005: 接続 2 -> 0
8.02 car_006: 開始 8.02 s  1 -> 3
8.03 car_006: 接続 1 -> 3
9.03 car_007: 開始 9.03 s  0 -> 1
9.03 car_008: 開始 9.03 s  1 -> 0
9.03 car_009: 開始 9.03 s  3 -> 0
9.03 car_007: 接続 0 -> 1
9.04 car_008: 接続 1 -> 0
9.04 car_009: 接続 3 -> 0
0.000575 car_000: 開始 0.000394 s  1 -> 2
0.000953 car_001: 開始 0.000849 s  0 -> 2
0.00576 car_000: 接続 1 -> 2
0.0123 car_001: 接続 0 -> 2
0.11 car_000: 進入 
2.0 car_002: 開始 2.0 s  1 -> 2
2.01 car_002: 接続 1 -> 2
2.12 car_000: 通過 
2.12 car_001: 進入 
3.0 car_003: 開始 3.0 s  0 -> 3
3.01 car_003: 接続 0 -> 3
4.01 car_004: 開始 4.01 s  2 -> 0
4.01 car_005: 開始 4.01 s  1 -> 3
4.02 car_004: 接続 2 -> 0
4.02 car_005: 接続 1 -> 3
4.13 car_001: 通過 
4.24 car_002: 進入 
6.01 car_006: 開始 6.01 s  0 -> 3
6.01 car_007: 開始 6.01 s  3 -> 0
6.02 car_006: 接続 0 -> 3
6.02 car_007: 接続 3 -> 0
6.24 car_002: 通過 
6.25 car_003: 進入 
7.02 car_008: 開始 7.02 s  1 -> 3
7.02 car_008: 接続 1 -> 3
8.02 car_009: 開始 8.02 s  2 -> 1
8.03 car_009: 接続 2 -> 1
8.25 car_003: 通過 
8.26 car_004: 進入 
10.3 car_004: 通過 
10.3 car_005: 進入 
12.8 car_005: 通過 
12.9 car_006: 進入 
14.9 car_006: 通過 
14.9 car_007: 進入 
16.9 car_007: 通過 
16.9 car_008: 進入 
18.9 car_008: 通過 
18.9 car_009: 進入 
20.9 car_009: 通過 
0.0005 car_000: 開始 0.000269 s  1 -> 3
0.00086 car_001: 開始 0.000769 s  1 -> 3
0.00438 car_000: 接続 1 -> 3
0.00762 car_001: 接続 1 -> 3
0.111 car_001: 進入 
2.01 car_002: 開始 2.01 s  0 -> 2
2.01 car_003: 開始 2.01 s  3 -> 1
2.01 car_004: 開始 2.01 s  1 -> 3
2.01 car_005: 開始 2.01 s  3 -> 1
2.01 car_002: 接続 0 -> 2
2.01 car_006: 開始 2.01 s  0 -> 3
2.01 car_007: 開始 2.01 s  1 -> 0
2.01 car_005: 接続 3 -> 1
2.01 car_003: 接続 3 -> 1
2.02 car_007: 接続 1 -> 0
2.02 car_006: 接続 0 -> 3
2.02 car_004: 接続 1 -> 3
2.12 car_001: 通過 
2.12 car_000: 進入 
3.02 car_008: 開始 3.01 s  1 -> 0
3.02 car_009: 開始 3.02 s  1 -> 0
3.02 car_009: 接続 1 -> 0
3.02 car_008: 接続 1 -> 0
4.02 car_010: 開始 4.02 s  0 -> 2
4.03 car_010: 接続 0 -> 2
4.63 car_000: 通過 
4.73 car_002: 進入 
5.02 car_011: 開始 5.02 s  3 -> 0
5.02 car_011: 接続 3 -> 0
6.03 car_012: 開始 6.03 s  3 -> 2
6.03 car_012: 接続 3 -> 2
6.74 car_002: 通過 
6.74 car_003: 進入 
8.03 car_013: 開始 8.03 s  2 -> 1
8.04 car_013: 接続 2 -> 1
8.75 car_003: 通過 
8.75 car_004: 進入 
9.04 car_014: 開始 9.04 s  2 -> 3
9.04 car_015: 開始 9.04 s  2 -> 1
9.04 car_014: 接続 2 -> 3
9.05 car_015: 接続 2 -> 1
10.8 car_004: 通過 
10.8 car_005: 進入 
13.3 car_005: 通過 
13.3 car_006: 進入 
15.8 car_006: 通過 
15.8 car_007: 進入 
18.3 car_007: 通過 
18.3 car_009: 進入 
21.3 car_009: 通過 
21.3 car_008: 進入 
24.8 car_008: 通過 
24.8 car_010: 進入 
27.8 car_010: 通過 
28.0 car_011: 進入 
30.0 car_011: 通過 
30.0 car_012: 進入 
32.5 car_012: 通過 
32.5 car_013: 進入 
34.5 car_013: 通過 
34.5 car_014: 進入 
37.0 car_014: 通過 
37.0 car_015: 進入 
40.0 car_015: 通過 
0.000601 car_000: 開始 0.000261 s  1 -> 3
0.00106 car_001: 開始 0.000939 s  1 -> 3
0.00426 car_001: 接続 1 -> 3
0.00616 car_000: 接続 1 -> 3
0.115 car_001: 進入 
2.12 car_001: 通過 
2.12 car_000: 進入 
4.63 car_000: 通過 
7.0 car_002: 開始 7.0 s  2 -> 1
7.01 car_002: 接続 2 -> 1
7.04 car_002: 進入 
9.05 car_002: 通過 
0.000581 car_000: 開始 0.000395 s  2 -> 0
0.00352 car_000: 接続 2 -> 0
0.111 car_000: 進入 
2.11 car_000: 通過 
7.01 car_001: 開始 7.0 s  3 -> 0
7.01 car_001: 接続 3 -> 0
7.09 car_001: 進入 
9.1 car_001: 通過 
0.000518 car_000: 開始 0.000287 s  3 -> 1
0.00416 car_000: 接続 3 -> 1
0.106 car_000: 進入 
2.0 car_001: 開始 2.0 s  1 -> 2
2.0 car_001: 接続 1 -> 2
2.12 car_000: 通過 
2.23 car_001: 進入 
4.23 car_001: 通過 
9.0 car_002: 開始 9.0 s  3 -> 1
9.01 car_002: 接続 3 -> 1
9.01 car_002: 進入 
11.0 car_002: 通過 

処理数 3

0.000645 car_000: 開始 0.000347 s  3 -> 2
0.000661 car_000: 開始 0.00026 s  3 -> 0
0.00397 car_000: 接続 3 -> 0
0.109 car_000: 進入 
2.0 car_001: 開始 2.0 s  1 -> 0
2.0 car_002: 開始 2.0 s  2 -> 3
2.01 car_001: 接続 1 -> 0
2.01 car_002: 接続 2 -> 3
2.11 car_000: 通過 
2.22 car_001: 進入 
4.23 car_001: 通過 
4.23 car_002: 進入 
6.24 car_002: 通過 
9.01 car_003: 開始 9.01 s  0 -> 1
9.01 car_003: 接続 0 -> 1

処理数 3

0.000819 car_000: 開始 0.000319 s  0 -> 1
0.00371 car_000: 接続 0 -> 1
0.109 car_000: 進入 
2.12 car_000: 通過 
4.0 car_001: 開始 4.0 s  2 -> 1
4.01 car_001: 接続 2 -> 1
4.11 car_001: 進入 
6.11 car_001: 通過 
8.0 car_002: 開始 8.0 s  1 -> 0
8.01 car_002: 接続 1 -> 0
8.02 car_002: 進入 
10.0 car_002: 通過 

処理数 3

0.000438 car_000: 開始 0.000256 s  3 -> 0
0.00353 car_000: 接続 3 -> 0
0.11 car_000: 進入 
2.12 car_000: 通過 
6.01 car_001: 開始 6.0 s  1 -> 0
6.01 car_001: 接続 1 -> 0
6.07 car_001: 進入 
8.09 car_001: 通過 

処理数 2

0.00078 car_000: 開始 0.000616 s  1 -> 2
0.00446 car_000: 接続 1 -> 2
0.115 car_000: 進入 
2.12 car_000: 通過 
4.0 car_001: 開始 4.0 s  3 -> 0
4.01 car_001: 接続 3 -> 0
4.09 car_001: 進入 
6.1 car_001: 通過 

処理数 2

0.000628 car_000: 開始 0.000476 s  0 -> 2
0.00108 car_001: 開始 0.000985 s  0 -> 3
0.0033 car_001: 接続 0 -> 3
0.00718 car_000: 接続 0 -> 2
0.11 car_000: 進入 
2.11 car_000: 通過 
2.12 car_001: 進入 
4.62 car_001: 通過 
6.01 car_002: 開始 6.0 s  0 -> 2
6.01 car_002: 接続 0 -> 2
6.08 car_002: 進入 
8.09 car_002: 通過 

処理数 3

0.000571 car_000: 開始 0.000459 s  1 -> 0
0.00284 car_000: 接続 1 -> 0
2.01 car_001: 開始 2.0 s  1 -> 0
2.01 car_001: 接続 1 -> 0
2.11 car_001: 進入 
4.11 car_001: 通過 
7.01 car_002: 開始 7.01 s  2 -> 0
7.01 car_002: 接続 2 -> 0
7.02 car_002: 進入 
9.03 car_002: 通過 
10.0 car_003: 開始 10.0 s  1 -> 2
10.0 car_003: 接続 1 -> 2
10.1 car_003: 進入 
12.1 car_003: 通過 
14.0 car_004: 開始 14.0 s  0 -> 1
14.0 car_004: 接続 0 -> 1
14.1 car_004: 進入 
16.1 car_004: 通過 
17.0 car_005: 開始 17.0 s  1 -> 3
17.0 car_005: 接続 1 -> 3
17.1 car_005: 進入 
19.1 car_005: 通過 
20.0 car_006: 開始 20.0 s  3 -> 1
20.0 car_006: 接続 3 -> 1
20.0 car_006: 進入 
22.1 car_006: 通過 
25.0 car_007: 開始 25.0 s  3 -> 0
25.0 car_007: 接続 3 -> 0
25.1 car_007: 進入 
27.1 car_007: 通過 
29.0 car_008: 開始 29.0 s  3 -> 0
29.0 car_008: 接続 3 -> 0
29.0 car_008: 進入 
31.1 car_008: 通過 
34.0 car_009: 開始 34.0 s  0 -> 1
34.0 car_009: 接続 0 -> 1
34.1 car_009: 進入 
0.00054 car_000: 開始 0.000398 s  2 -> 0
0.000909 car_001: 開始 0.000813 s  1 -> 2
0.00465 car_001: 接続 1 -> 2
0.00538 car_000: 接続 2 -> 0
0.11 car_001: 進入 
1.01 car_002: 開始 1.01 s  2 -> 3
1.01 car_002: 接続 2 -> 3
2.11 car_001: 通過 
2.12 car_000: 進入 
3.01 car_003: 開始 3.01 s  3 -> 2
3.01 car_003: 接続 3 -> 2
4.12 car_000: 通過 
4.23 car_002: 進入 
5.01 car_004: 開始 5.01 s  0 -> 1
5.01 car_005: 開始 5.01 s  3 -> 0
5.02 car_004: 接続 0 -> 1
5.02 car_005: 接続 3 -> 0
6.02 car_006: 開始 6.02 s  1 -> 2
6.02 car_007: 開始 6.02 s  3 -> 1
6.02 car_006: 接続 1 -> 2
6.02 car_007: 接続 3 -> 1
6.23 car_002: 通過 
6.24 car_003: 進入 
7.02 car_008: 開始 7.02 s  1 -> 2
7.02 car_009: 開始 7.02 s  0 -> 1
7.02 car_010: 開始 7.02 s  3 -> 2
7.02 car_011: 開始 7.02 s  0 -> 1
7.03 car_012: 開始 7.03 s  0 -> 2
7.03 car_013: 開始 7.03 s  0 -> 2
7.03 car_009: 接続 0 -> 1
7.03 car_010: 接続 3 -> 2
7.04 car_008: 接続 1 -> 2
7.04 car_012: 接続 0 -> 2
7.05 car_011: 接続 0 -> 1
7.05 car_013: 接続 0 -> 2
8.03 car_014: 開始 8.03 s  3 -> 1
8.03 car_015: 開始 8.03 s  3 -> 1
8.03 car_016: 開始 8.03 s  1 -> 0
8.03 car_017: 開始 8.03 s  2 -> 3
8.04 car_014: 接続 3 -> 1
8.04 car_015: 接続 3 -> 1
8.04 car_016: 接続 1 -> 0
8.05 car_017: 接続 2 -> 3
8.24 car_003: 通過 
8.35 car_004: 進入 
9.04 car_018: 開始 9.04 s  0 -> 1
9.04 car_018: 接続 0 -> 1
10.3 car_004: 通過 
10.4 car_005: 進入 
11.0 car_019: 開始 11.0 s  3 -> 2
11.0 car_019: 接続 3 -> 2
12.0 car_020: 開始 12.0 s  1 -> 0
12.0 car_021: 開始 12.0 s  0 -> 3
12.0 car_022: 開始 12.0 s  3 -> 0
12.1 car_020: 接続 1 -> 0
12.1 car_021: 接続 0 -> 3
12.1 car_022: 接続 3 -> 0
12.4 car_005: 通過 
12.4 car_006: 進入 
13.1 car_023: 開始 13.0 s  1 -> 0
13.1 car_024: 開始 13.1 s  3 -> 1
13.1 car_023: 接続 1 -> 0
13.1 car_024: 接続 3 -> 1
14.1 car_025: 開始 14.1 s  1 -> 0
14.1 car_025: 接続 1 -> 0
14.4 car_006: 通過 
14.4 car_007: 進入 
16.1 car_026: 開始 16.1 s  2 -> 0
16.1 car_027: 開始 16.1 s  0 -> 1
16.1 car_026: 接続 2 -> 0
16.1 car_027: 接続 0 -> 1
16.9 car_007: 通過 
16.9 car_008: 進入 
17.1 car_028: 開始 17.1 s  0 -> 1
17.1 car_028: 接続 0 -> 1
0.000622 car_000: 開始 0.000436 s  1 -> 0
0.00461 car_000: 接続 1 -> 0
0.114 car_000: 進入 
1.0 car_001: 開始 1.0 s  0 -> 2
1.0 car_002: 開始 1.0 s  1 -> 0
1.0 car_001: 接続 0 -> 2
1.01 car_002: 接続 1 -> 0
2.0 car_003: 開始 2.0 s  2 -> 1
2.01 car_003: 接続 2 -> 1
2.12 car_000: 通過 
2.23 car_001: 進入 
4.24 car_001: 通過 
4.24 car_002: 進入 
5.01 car_004: 開始 5.01 s  2 -> 1
5.01 car_004: 接続 2 -> 1
6.25 car_002: 通過 
6.25 car_003: 進入 
7.01 car_005: 開始 7.01 s  3 -> 1
7.01 car_006: 開始 7.01 s  0 -> 2
7.02 car_006: 接続 0 -> 2
7.02 car_005: 接続 3 -> 1
8.01 car_007: 開始 8.01 s  2 -> 0
8.02 car_007: 接続 2 -> 0
8.25 car_003: 通過 
8.36 car_004: 進入 
10.0 car_008: 開始 10.0 s  1 -> 0
10.0 car_008: 接続 1 -> 0
10.4 car_004: 通過 
10.4 car_006: 進入 
12.0 car_009: 開始 12.0 s  3 -> 0
12.0 car_010: 開始 12.0 s  2 -> 0
12.0 car_011: 開始 12.0 s  1 -> 3
12.0 car_012: 開始 12.0 s  3 -> 1
12.0 car_009: 接続 3 -> 0
12.0 car_012: 接続 3 -> 1
12.0 car_011: 接続 1 -> 3
12.0 car_010: 接続 2 -> 0
12.4 car_006: 通過 
12.4 car_005: 進入 
14.4 car_005: 通過 
14.4 car_007: 進入 
15.0 car_013: 開始 15.0 s  3 -> 1
15.0 car_013: 接続 3 -> 1
16.9 car_007: 通過 
17.0 car_008: 進入 
18.0 car_014: 開始 18.0 s  2 -> 0
18.0 car_015: 開始 18.0 s  2 -> 0
18.0 car_015: 接続 2 -> 0
18.0 car_014: 接続 2 -> 0
19.0 car_008: 通過 
19.0 car_009: 進入 
19.0 car_016: 開始 19.0 s  1 -> 0
19.0 car_017: 開始 19.0 s  2 -> 0
19.0 car_018: 開始 19.0 s  0 -> 3
19.0 car_017: 接続 2 -> 0
19.0 car_018: 接続 0 -> 3
19.0 car_016: 接続 1 -> 0
21.0 car_009: 通過 
21.0 car_010: 進入 
21.0 car_019: 開始 21.0 s  1 -> 3
21.0 car_019: 接続 1 -> 3
22.0 car_020: 開始 22.0 s  3 -> 0
22.0 car_020: 接続 3 -> 0
23.0 car_010: 通過 
23.0 car_011: 進入 
24.0 car_021: 開始 24.0 s  3 -> 1
24.0 car_021: 接続 3 -> 1
25.0 car_022: 開始 25.0 s  2 -> 1
25.0 car_022: 接続 2 -> 1
25.5 car_011: 通過 
25.5 car_012: 進入 
28.0 car_023: 開始 28.0 s  0 -> 2
28.0 car_023: 接続 0 -> 2
28.1 car_012: 通過 
28.1 car_013: 進入 
29.0 car_024: 開始 29.0 s  1 -> 0
29.1 car_024: 接続 1 -> 0
31.1 car_025: 開始 31.1 s  2 -> 1
31.1 car_025: 接続 2 -> 1
31.1 car_013: 通過 
31.2 car_015: 進入 
33.2 car_015: 通過 
33.2 car_014: 進入 
34.1 car_026: 開始 34.1 s  3 -> 0
34.1 car_026: 接続 3 -> 0
35.1 car_027: 開始 35.1 s  3 -> 1
35.1 car_028: 開始 35.1 s  3 -> 0
35.1 car_027: 接続 3 -> 1
35.1 car_028: 接続 3 -> 0
35.7 car_014: 通過 
35.7 car_017: 進入 
37.1 car_029: 開始 37.1 s  3 -> 0
37.1 car_030: 開始 37.1 s  2 -> 3
37.1 car_031: 開始 37.1 s  0 -> 3
37.1 car_029: 接続 3 -> 0
37.1 car_031: 接続 0 -> 3
37.1 car_030: 接続 2 -> 3
38.7 car_017: 通過 
38.7 car_016: 進入 
40.1 car_032: 開始 40.1 s  0 -> 1
40.1 car_032: 接続 0 -> 1
40.7 car_016: 通過 
40.7 car_018: 進入 
42.1 car_033: 開始 42.1 s  2 -> 1
42.1 car_033: 接続 2 -> 1
42.7 car_018: 通過 
42.7 car_019: 進入 
44.1 car_034: 開始 44.1 s  3 -> 0
44.1 car_034: 接続 3 -> 0
45.2 car_019: 通過 
45.2 car_020: 進入 
47.1 car_035: 開始 47.1 s  0 -> 3
47.1 car_035: 接続 0 -> 3
47.2 car_020: 通過 
47.2 car_021: 進入 
49.8 car_021: 通過 
49.8 car_022: 進入 
50.1 car_036: 開始 50.1 s  0 -> 1
50.1 car_036: 接続 0 -> 1
52.1 car_037: 開始 52.1 s  0 -> 3
52.1 car_037: 接続 0 -> 3
53.3 car_022: 通過 
53.3 car_023: 進入 
54.1 car_038: 開始 54.1 s  0 -> 1
54.1 car_038: 接続 0 -> 1
55.8 car_023: 通過 
55.8 car_024: 進入 
56.1 car_039: 開始 56.1 s  2 -> 0
56.1 car_039: 接続 2 -> 0
58.1 car_040: 開始 58.1 s  2 -> 3
58.1 car_040: 接続 2 -> 3
58.8 car_024: 通過 
58.8 car_025: 進入 
60.1 car_041: 開始 60.1 s  3 -> 1
60.1 car_041: 接続 3 -> 1
62.8 car_025: 通過 
62.9 car_026: 進入 
63.1 car_042: 開始 63.1 s  2 -> 0
63.1 car_043: 開始 63.1 s  2 -> 3
63.1 car_042: 接続 2 -> 0
63.1 car_043: 接続 2 -> 3
64.9 car_026: 通過 
64.9 car_027: 進入 
66.1 car_044: 開始 66.1 s  0 -> 3
66.1 car_044: 接続 0 -> 3
67.4 car_027: 通過 
67.4 car_028: 進入 
69.1 car_045: 開始 69.1 s  0 -> 3
69.1 car_046: 開始 69.1 s  0 -> 3
69.1 car_045: 接続 0 -> 3
69.1 car_046: 接続 0 -> 3
70.4 car_028: 通過 
70.4 car_029: 進入 
72.1 car_047: 開始 72.1 s  2 -> 3
72.1 car_047: 接続 2 -> 3
74.0 car_029: 通過 
74.0 car_030: 進入 
74.1 car_048: 開始 74.1 s  3 -> 2
74.1 car_048: 接続 3 -> 2
76.0 car_030: 通過 
76.0 car_031: 進入 
77.1 car_049: 開始 77.1 s  2 -> 3
77.1 car_050: 開始 77.1 s  0 -> 1
77.1 car_049: 接続 2 -> 3
77.1 car_050: 接続 0 -> 1
78.0 car_031: 通過 
78.0 car_032: 進入 
78.1 car_051: 開始 78.1 s  2 -> 3
78.1 car_051: 接続 2 -> 3
80.1 car_052: 開始 80.1 s  0 -> 2
80.1 car_053: 開始 80.1 s  3 -> 1
80.1 car_054: 開始 80.1 s  0 -> 2
80.1 car_052: 接続 0 -> 2
80.1 car_053: 接続 3 -> 1
80.1 car_054: 接続 0 -> 2
80.5 car_032: 通過 
80.5 car_033: 進入 
81.1 car_055: 開始 81.1 s  2 -> 0
81.1 car_055: 接続 2 -> 0
83.0 car_033: 通過 
83.0 car_034: 進入 
83.1 car_056: 開始 83.1 s  1 -> 0
83.1 car_056: 接続 1 -> 0
85.1 car_057: 開始 85.1 s  1 -> 2
85.1 car_057: 接続 1 -> 2
86.1 car_058: 開始 86.1 s  1 -> 2
86.1 car_059: 開始 86.1 s  1 -> 3
86.2 car_058: 接続 1 -> 2
86.2 car_059: 接続 1 -> 3
87.0 car_034: 通過 
87.0 car_035: 進入 
87.2 car_060: 開始 87.2 s  2 -> 0
87.2 car_060: 接続 2 -> 0
