--- NEW ---
    PROCESS_DELAY: 0.1
    CAR_SPEED    : 50
    CHECK_CONGESTION_RANGE: (-6, 3)
    CONFLICT_NUM : 5
    ARRIVAL_DELAY: 0.5
    ENTRY_DELAY  : 0.2
    CAR_PASSED_TIME   : 2
    TRAFFIC_LIGHT_TIME: (10, 10, 10, 10)
    TIME_RANDOM_RANGE : (0, 3)
clients
[{'time': 0, 'start_node': 'cross_001', 'goal_node': 'cross_036'},
 {'time': 0, 'start_node': 'cross_001', 'goal_node': 'cross_036'},
 {'time': 0, 'start_node': 'cross_001', 'goal_node': 'cross_036'},
 {'time': 0, 'start_node': 'cross_001', 'goal_node': 'cross_036'},
 {'time': 0, 'start_node': 'cross_001', 'goal_node': 'cross_036'},
 {'time': 0, 'start_node': 'cross_001', 'goal_node': 'cross_036'},
 {'time': 0, 'start_node': 'cross_001', 'goal_node': 'cross_036'}]

0.273 car_006: 接続 cross_002
0.277 car_006: 進入 
0.296 car_000: 接続 cross_002
0.332 car_004: 接続 cross_002
0.351 car_002: 接続 cross_002
0.362 car_005: 接続 cross_002
0.384 car_000: 進入 
0.385 car_004: 進入 
0.387 car_002: 進入 
0.389 car_005: 進入 
0.501 car_001: 接続 cross_007
0.504 car_001: 進入 
0.534 car_003: 接続 cross_007
0.61 car_003: 進入 
2.28 car_006: 通過 
2.39 car_000: 通過 
2.51 car_001: 通過 
2.6 car_004: 通過 
2.62 car_003: 通過 
2.79 car_002: 通過 
3.0 car_005: 通過 
4.76 car_006: 接続 cross_008
4.86 car_006: 進入 
4.87 car_000: 接続 cross_008
4.97 car_000: 進入 
5.08 car_004: 接続 cross_008
5.08 car_001: 接続 cross_013
5.18 car_004: 進入 
5.19 car_001: 進入 
5.19 car_003: 接続 cross_013
5.27 car_002: 接続 cross_008
5.29 car_002: 進入 
5.29 car_003: 進入 
5.48 car_005: 接続 cross_008
5.51 car_005: 進入 
6.87 car_006: 通過 
6.98 car_000: 通過 
7.19 car_004: 通過 
7.19 car_001: 通過 
7.3 car_002: 通過 
7.3 car_003: 通過 
7.51 car_005: 通過 
7.98 car_006: 接続 cross_009
8.04 car_006: 進入 
8.09 car_000: 接続 cross_009
8.14 car_000: 進入 
8.3 car_004: 接続 cross_009
8.36 car_004: 進入 
8.41 car_002: 接続 cross_009
8.47 car_001: 接続 cross_014
8.48 car_002: 進入 
8.58 car_003: 接続 cross_014
8.59 car_001: 進入 
8.59 car_003: 進入 
8.63 car_005: 接続 cross_009
8.7 car_005: 進入 
10.0 car_006: 通過 
10.2 car_000: 通過 
10.4 car_004: 通過 
10.5 car_002: 通過 
10.6 car_001: 通過 
10.7 car_005: 通過 
10.8 car_003: 通過 
12.3 car_001: 接続 cross_020
12.3 car_006: 接続 cross_015
12.4 car_006: 進入 
12.4 car_001: 進入 
12.5 car_000: 接続 cross_015
12.5 car_000: 進入 
12.5 car_003: 接続 cross_020
12.6 car_003: 進入 
12.7 car_004: 接続 cross_015
12.7 car_004: 進入 
12.8 car_002: 接続 cross_015
12.8 car_002: 進入 
13.0 car_005: 接続 cross_015
13.1 car_005: 進入 
14.4 car_006: 通過 
14.4 car_001: 通過 
14.5 car_000: 通過 
14.6 car_003: 通過 
14.7 car_004: 通過 
14.8 car_002: 通過 
15.1 car_005: 通過 
15.5 car_001: 接続 cross_021
15.5 car_001: 進入 
15.7 car_003: 接続 cross_021
15.7 car_003: 進入 
16.1 car_006: 接続 cross_016
16.2 car_006: 進入 
16.2 car_000: 接続 cross_016
16.3 car_000: 進入 
16.4 car_004: 接続 cross_016
16.5 car_004: 進入 
16.5 car_002: 接続 cross_016
16.6 car_002: 進入 
16.8 car_005: 接続 cross_016
16.9 car_005: 進入 
17.5 car_001: 通過 
17.7 car_003: 通過 
18.2 car_006: 通過 
18.3 car_000: 通過 
18.5 car_004: 通過 
18.6 car_002: 通過 
18.9 car_005: 通過 
19.6 car_006: 接続 cross_022
19.6 car_006: 進入 
19.7 car_000: 接続 cross_022
19.7 car_000: 進入 
19.9 car_004: 接続 cross_022
20.0 car_001: 接続 cross_027
20.0 car_001: 進入 
20.0 car_004: 進入 
20.1 car_002: 接続 cross_022
20.1 car_002: 進入 
20.2 car_003: 接続 cross_027
20.2 car_003: 進入 
20.4 car_005: 接続 cross_022
20.4 car_005: 進入 
21.6 car_006: 通過 
21.8 car_000: 通過 
22.0 car_001: 通過 
22.0 car_004: 通過 
22.1 car_002: 通過 
22.2 car_003: 通過 
22.4 car_005: 通過 
23.2 car_001: 接続 cross_033
23.3 car_001: 進入 
23.4 car_003: 接続 cross_033
23.6 car_003: 進入 
23.9 car_006: 接続 cross_023
24.0 car_006: 進入 
24.0 car_000: 接続 cross_023
24.1 car_000: 進入 
24.3 car_004: 接続 cross_023
24.3 car_004: 進入 
24.4 car_002: 接続 cross_023
24.4 car_002: 進入 
24.7 car_005: 接続 cross_023
24.7 car_005: 進入 
25.3 car_001: 通過 
25.6 car_003: 通過 
26.0 car_006: 通過 
26.1 car_000: 通過 
26.3 car_004: 通過 
26.4 car_002: 通過 
26.7 car_005: 通過 
26.9 car_006: 接続 cross_029
27.0 car_006: 進入 
27.0 car_000: 接続 cross_029
27.1 car_000: 進入 
27.2 car_004: 接続 cross_029
27.3 car_004: 進入 
27.3 car_002: 接続 cross_029
27.4 car_002: 進入 
27.5 car_001: 接続 cross_034
27.6 car_001: 進入 
27.6 car_005: 接続 cross_029
27.7 car_005: 進入 
27.7 car_003: 接続 cross_034
27.8 car_003: 進入 
29.0 car_006: 通過 
29.1 car_000: 通過 
29.3 car_004: 通過 
29.4 car_002: 通過 
29.6 car_001: 通過 
29.7 car_005: 通過 
29.8 car_003: 通過 
30.3 car_006: 接続 cross_030
30.3 car_006: 進入 
30.4 car_000: 接続 cross_030
30.4 car_000: 進入 
30.6 car_004: 接続 cross_030
30.7 car_004: 進入 
30.7 car_002: 接続 cross_030
30.8 car_002: 進入 
31.0 car_005: 接続 cross_030
31.1 car_001: 接続 cross_035
31.1 car_001: 進入 
31.1 car_005: 進入 
31.3 car_003: 接続 cross_035
31.3 car_003: 進入 
32.3 car_006: 通過 
32.4 car_000: 通過 
32.7 car_004: 通過 
32.8 car_002: 通過 
33.1 car_001: 通過 
33.1 car_005: 通過 
33.3 car_003: 通過 
34.7 car_006: 到着 1
34.8 car_000: 到着 2
35.0 car_004: 到着 3
35.1 car_002: 到着 4
35.1 car_001: 到着 5
35.4 car_003: 到着 6
35.5 car_005: 到着 7

経過時間 35.5 s


