0.000592 car_000: 開始 0.000359 s  0 -> 2
0.00227 car_000: 接続 0 -> 2
0.000954 car_000: 開始 0.000773 s  2 -> 0
0.00137 car_001: 開始 0.00127 s  3 -> 0
0.00173 car_002: 開始 0.00156 s  2 -> 1
0.00486 car_000: 接続 2 -> 0
0.00796 car_001: 接続 3 -> 0
0.0117 car_002: 接続 2 -> 1
2.0 car_001: 開始 2.0 s  2 -> 0
2.01 car_001: 接続 2 -> 0
1.01 car_003: 開始 1.01 s  0 -> 2
1.01 car_003: 接続 0 -> 2
4.01 car_002: 開始 4.01 s  1 -> 3
4.01 car_002: 接続 1 -> 3
3.01 car_004: 開始 3.01 s  1 -> 0
3.01 car_004: 接続 1 -> 0
6.01 car_003: 開始 6.01 s  3 -> 0
6.02 car_003: 接続 3 -> 0
5.01 car_005: 開始 5.01 s  0 -> 3
5.02 car_005: 接続 0 -> 3
7.01 car_004: 開始 7.01 s  0 -> 2
7.02 car_004: 接続 0 -> 2
6.02 car_006: 開始 6.01 s  0 -> 1
6.02 car_006: 接続 0 -> 1
9.02 car_005: 開始 9.02 s  2 -> 0
9.02 car_006: 開始 9.02 s  2 -> 1
9.03 car_005: 接続 2 -> 0
9.03 car_006: 接続 2 -> 1
0.000512 car_000: 開始 0.000379 s  1 -> 0
0.0062 car_000: 接続 1 -> 0
0.108 car_000: 進入 
0.000388 car_000: 開始 0.000265 s  3 -> 2
0.00601 car_000: 接続 3 -> 2
0.114 car_000: 進入 
2.01 car_001: 開始 2.0 s  0 -> 3
2.01 car_002: 開始 2.01 s  0 -> 2
2.01 car_001: 接続 0 -> 3
2.01 car_002: 接続 0 -> 2
2.12 car_000: 通過 
2.23 car_001: 進入 
1.01 car_001: 開始 1.01 s  2 -> 0
1.01 car_002: 開始 1.01 s  1 -> 2
1.01 car_001: 接続 2 -> 0
1.02 car_002: 接続 1 -> 2
3.01 car_003: 開始 3.01 s  2 -> 0
3.02 car_003: 接続 2 -> 0
2.01 car_003: 開始 2.01 s  1 -> 3
2.02 car_003: 接続 1 -> 3
2.12 car_000: 通過 
2.23 car_001: 進入 
4.23 car_001: 通過 
4.24 car_002: 進入 
5.02 car_004: 開始 5.02 s  2 -> 1
5.02 car_004: 接続 2 -> 1
4.02 car_004: 開始 4.02 s  3 -> 2
4.02 car_004: 接続 3 -> 2
4.24 car_001: 通過 
4.24 car_002: 進入 
6.02 car_005: 開始 6.02 s  0 -> 3
6.03 car_005: 接続 0 -> 3
5.02 car_005: 開始 5.02 s  2 -> 1
5.02 car_005: 接続 2 -> 1
6.75 car_002: 通過 
6.85 car_003: 進入 
7.02 car_006: 開始 7.02 s  0 -> 2
7.03 car_006: 接続 0 -> 2
6.25 car_002: 通過 
6.26 car_003: 進入 
7.02 car_006: 開始 7.02 s  1 -> 0
7.03 car_006: 接続 1 -> 0
8.86 car_003: 通過 
8.87 car_004: 進入 
8.76 car_003: 通過 
8.87 car_004: 進入 
11.4 car_004: 通過 
11.4 car_005: 進入 
10.9 car_004: 通過 
10.9 car_005: 進入 
13.4 car_005: 通過 
13.5 car_006: 進入 
12.9 car_005: 通過 
12.9 car_006: 進入 
15.5 car_006: 通過 

経過時間 15.6 s

14.9 car_006: 通過 

経過時間 15.0 s

0.000614 car_000: 開始 0.000372 s  1 -> 2
0.00397 car_000: 接続 1 -> 2
0.111 car_000: 進入 
1.01 car_001: 開始 1.01 s  3 -> 2
1.01 car_002: 開始 1.01 s  3 -> 1
1.01 car_001: 接続 3 -> 2
1.02 car_002: 接続 3 -> 1
2.01 car_003: 開始 2.01 s  1 -> 0
2.02 car_003: 接続 1 -> 0
0.000531 car_000: 開始 0.000352 s  2 -> 3
0.00084 car_001: 開始 0.000736 s  3 -> 1
0.00355 car_000: 接続 2 -> 3
0.00507 car_001: 接続 3 -> 1
2.12 car_000: 通過 
0.113 car_000: 進入 
2.22 car_001: 進入 
1.0 car_002: 開始 1.0 s  2 -> 1
1.01 car_003: 開始 1.0 s  2 -> 0
1.01 car_004: 開始 1.01 s  1 -> 2
1.01 car_005: 開始 1.01 s  1 -> 0
1.01 car_006: 開始 1.01 s  0 -> 2
1.01 car_002: 接続 2 -> 1
1.01 car_006: 接続 0 -> 2
1.02 car_003: 接続 2 -> 0
1.03 car_004: 接続 1 -> 2
1.04 car_005: 接続 1 -> 0
4.02 car_004: 開始 4.01 s  0 -> 2
4.02 car_005: 開始 4.02 s  1 -> 2
4.02 car_006: 開始 4.02 s  2 -> 1
4.02 car_005: 接続 1 -> 2
4.02 car_004: 接続 0 -> 2
4.03 car_006: 接続 2 -> 1
2.12 car_000: 通過 
2.12 car_001: 進入 
4.23 car_001: 通過 
4.24 car_002: 進入 
4.13 car_001: 通過 
4.24 car_002: 進入 
6.74 car_002: 通過 
6.75 car_003: 進入 
6.25 car_002: 通過 
6.25 car_003: 進入 
8.75 car_003: 通過 
8.86 car_005: 進入 
8.77 car_003: 通過 
8.77 car_004: 進入 
10.9 car_005: 通過 
10.9 car_004: 進入 
10.8 car_004: 通過 
10.8 car_005: 進入 
12.9 car_004: 通過 
12.9 car_006: 進入 
14.9 car_006: 通過 

経過時間 15.0 s

13.3 car_005: 通過 
13.3 car_006: 進入 
15.3 car_006: 通過 

経過時間 15.4 s

0.000571 car_000: 開始 0.000387 s  0 -> 1
0.00573 car_000: 接続 0 -> 1
0.111 car_000: 進入 
0.000458 car_000: 開始 0.000273 s  1 -> 3
0.000743 car_001: 開始 0.000659 s  0 -> 1
0.00108 car_002: 開始 0.001 s  2 -> 0
0.00156 car_003: 開始 0.00143 s  0 -> 3
0.00509 car_002: 接続 2 -> 0
0.00813 car_003: 接続 0 -> 3
0.00983 car_002: 進入 
0.0121 car_001: 接続 0 -> 1
0.0254 car_000: 接続 1 -> 3
2.01 car_001: 開始 2.01 s  2 -> 3
2.01 car_001: 接続 2 -> 3
2.12 car_000: 通過 
2.22 car_001: 進入 
0.000462 car_000: 開始 0.000279 s  3 -> 0
0.00383 car_000: 接続 3 -> 0
0.11 car_000: 進入 
2.01 car_004: 開始 2.01 s  2 -> 1
2.01 car_004: 接続 2 -> 1
2.02 car_002: 通過 
2.12 car_000: 進入 
0.000551 car_000: 開始 0.000368 s  1 -> 2
0.00655 car_000: 接続 1 -> 2
0.111 car_000: 進入 
4.01 car_002: 開始 4.01 s  3 -> 1
4.02 car_002: 接続 3 -> 1
4.23 car_001: 通過 
4.33 car_002: 進入 
2.0 car_001: 開始 2.0 s  2 -> 1
2.01 car_002: 開始 2.0 s  0 -> 3
2.01 car_001: 接続 2 -> 1
2.01 car_002: 接続 0 -> 3
2.12 car_000: 通過 
2.23 car_001: 進入 
1.0 car_001: 開始 1.0 s  0 -> 1
1.0 car_001: 接続 0 -> 1
0.000415 car_000: 開始 0.000289 s  2 -> 0
0.00351 car_000: 接続 2 -> 0
0.11 car_000: 進入 
5.02 car_003: 開始 5.02 s  2 -> 1
5.02 car_003: 接続 2 -> 1
4.01 car_005: 開始 4.01 s  2 -> 1
4.02 car_005: 接続 2 -> 1
4.13 car_000: 通過 
4.14 car_001: 進入 
2.12 car_000: 通過 
2.22 car_001: 進入 
0.000572 car_000: 開始 0.000385 s  2 -> 3
0.000962 car_001: 開始 0.00088 s  1 -> 2
0.00147 car_002: 開始 0.0013 s  3 -> 1
0.00312 car_002: 接続 3 -> 1
0.00681 car_000: 接続 2 -> 3
0.0103 car_001: 接続 1 -> 2
0.113 car_000: 進入 
5.02 car_006: 開始 5.01 s  1 -> 0
5.02 car_006: 接続 1 -> 0
6.34 car_002: 通過 
4.01 car_003: 開始 4.01 s  3 -> 1
4.01 car_003: 接続 3 -> 1
6.45 car_003: 進入 
4.23 car_001: 通過 
4.24 car_002: 進入 
3.0 car_002: 開始 3.0 s  0 -> 3
3.01 car_003: 開始 3.01 s  1 -> 2
3.01 car_002: 接続 0 -> 3
3.01 car_003: 接続 1 -> 2
2.0 car_001: 開始 2.0 s  0 -> 1
2.01 car_001: 接続 0 -> 1
2.12 car_000: 通過 
2.23 car_001: 進入 
7.02 car_004: 開始 7.02 s  2 -> 0
7.02 car_005: 開始 7.02 s  1 -> 3
7.03 car_004: 接続 2 -> 0
7.03 car_005: 接続 1 -> 3
1.0 car_003: 開始 1.0 s  3 -> 2
1.01 car_003: 接続 3 -> 2
6.14 car_001: 通過 
6.15 car_003: 進入 
4.01 car_004: 開始 4.01 s  0 -> 3
4.01 car_004: 接続 0 -> 3
3.01 car_002: 開始 3.01 s  0 -> 3
3.02 car_002: 接続 0 -> 3
4.23 car_001: 通過 
8.02 car_006: 開始 8.02 s  3 -> 0
8.03 car_006: 接続 3 -> 0
4.34 car_002: 進入 
2.12 car_000: 通過 
2.12 car_001: 進入 
6.01 car_004: 開始 6.01 s  1 -> 0
6.02 car_004: 接続 1 -> 0
8.45 car_003: 通過 
8.56 car_004: 進入 
6.25 car_002: 通過 
5.01 car_005: 開始 5.01 s  3 -> 2
5.02 car_005: 接続 3 -> 2
6.36 car_003: 進入 
4.23 car_001: 通過 
3.01 car_004: 開始 3.01 s  2 -> 1
3.01 car_004: 接続 2 -> 1
4.34 car_002: 進入 
7.02 car_005: 開始 7.02 s  2 -> 1
7.02 car_006: 開始 7.02 s  3 -> 1
7.02 car_006: 接続 3 -> 1
7.03 car_005: 接続 2 -> 1
5.01 car_003: 開始 5.01 s  3 -> 1
5.02 car_003: 接続 3 -> 1
8.66 car_003: 通過 
8.66 car_004: 進入 
6.35 car_002: 通過 
6.36 car_003: 進入 
4.13 car_001: 通過 
4.13 car_002: 進入 
10.6 car_004: 通過 
10.6 car_005: 進入 
7.02 car_006: 開始 7.02 s  2 -> 0
7.02 car_006: 接続 2 -> 0
8.36 car_003: 通過 
8.37 car_004: 進入 
6.02 car_004: 開始 6.02 s  2 -> 0
6.02 car_005: 開始 6.02 s  3 -> 0
6.02 car_004: 接続 2 -> 0
6.03 car_005: 接続 3 -> 0
5.01 car_005: 開始 5.01 s  0 -> 1
5.02 car_005: 接続 0 -> 1
6.35 car_002: 通過 
6.45 car_003: 進入 
10.7 car_004: 通過 
10.8 car_005: 進入 
8.37 car_003: 通過 
6.01 car_006: 開始 6.01 s  2 -> 1
8.37 car_004: 進入 
6.02 car_006: 接続 2 -> 1
6.14 car_002: 通過 
6.25 car_003: 進入 
12.6 car_005: 通過 
12.6 car_006: 進入 
8.02 car_006: 開始 8.02 s  3 -> 1
10.4 car_004: 通過 
8.03 car_006: 接続 3 -> 1
10.5 car_005: 進入 
8.46 car_003: 通過 
8.47 car_004: 進入 
12.8 car_005: 通過 
12.8 car_006: 進入 
8.26 car_003: 通過 
8.26 car_004: 進入 
10.9 car_004: 通過 
14.6 car_006: 通過 
11.0 car_005: 進入 

経過時間 14.7 s

12.5 car_005: 通過 
12.5 car_006: 進入 
10.5 car_004: 通過 
10.5 car_005: 進入 
14.8 car_006: 通過 

経過時間 14.9 s

10.3 car_004: 通過 
10.3 car_005: 進入 
13.0 car_005: 通過 
13.0 car_006: 進入 
14.5 car_006: 通過 

経過時間 14.6 s

13.0 car_005: 通過 
13.1 car_006: 進入 
12.3 car_005: 通過 
12.3 car_006: 進入 
15.0 car_006: 通過 

経過時間 15.1 s

15.1 car_006: 通過 

経過時間 15.2 s

14.8 car_006: 通過 

経過時間 14.9 s

0.000521 car_000: 開始 0.000343 s  3 -> 2
0.00654 car_000: 接続 3 -> 2
0.11 car_000: 進入 
0.000585 car_000: 開始 0.00046 s  3 -> 2
0.00107 car_001: 開始 0.000945 s  3 -> 2
0.00552 car_000: 接続 3 -> 2
0.00865 car_001: 接続 3 -> 2
1.01 car_001: 開始 1.01 s  0 -> 2
1.01 car_002: 開始 1.01 s  0 -> 3
1.01 car_001: 接続 0 -> 2
1.02 car_002: 接続 0 -> 3
0.115 car_000: 進入 
0.00057 car_000: 開始 0.000419 s  2 -> 0
0.00402 car_000: 接続 2 -> 0
1.01 car_002: 開始 1.01 s  1 -> 2
0.11 car_000: 進入 
1.01 car_002: 接続 1 -> 2
2.12 car_000: 通過 
2.23 car_001: 進入 
1.0 car_001: 開始 1.0 s  3 -> 1
1.01 car_001: 接続 3 -> 1
0.00056 car_000: 開始 0.000342 s  3 -> 1
0.00417 car_000: 接続 3 -> 1
0.11 car_000: 進入 
3.01 car_003: 開始 3.01 s  2 -> 0
3.01 car_003: 接続 2 -> 0
2.12 car_000: 通過 
2.13 car_001: 進入 
0.000602 car_000: 開始 0.000436 s  0 -> 3
0.00108 car_001: 開始 0.000971 s  1 -> 2
0.00423 car_000: 接続 0 -> 3
0.00768 car_001: 接続 1 -> 2
2.01 car_002: 開始 2.01 s  2 -> 3
2.01 car_002: 接続 2 -> 3
0.112 car_000: 進入 
3.01 car_003: 開始 3.01 s  2 -> 1
3.01 car_003: 接続 2 -> 1
2.12 car_000: 通過 
2.23 car_001: 進入 
4.23 car_001: 通過 
4.24 car_002: 進入 
1.0 car_002: 開始 1.0 s  0 -> 1
1.0 car_003: 開始 1.0 s  1 -> 3
1.01 car_002: 接続 0 -> 1
1.01 car_003: 接続 1 -> 3
3.01 car_003: 開始 3.01 s  3 -> 0
3.01 car_004: 開始 3.01 s  2 -> 0
3.01 car_005: 開始 3.01 s  3 -> 0
3.01 car_004: 接続 2 -> 0
3.02 car_003: 接続 3 -> 0
2.0 car_001: 開始 2.0 s  2 -> 3
3.02 car_005: 接続 3 -> 0
2.01 car_001: 接続 2 -> 3
4.01 car_004: 開始 4.01 s  3 -> 0
4.01 car_005: 開始 4.01 s  0 -> 2
4.01 car_004: 接続 3 -> 0
4.02 car_005: 接続 0 -> 2
2.11 car_000: 通過 
5.01 car_004: 開始 5.01 s  3 -> 2
5.02 car_004: 接続 3 -> 2
0.000403 car_000: 開始 0.000277 s  1 -> 2
0.000812 car_001: 開始 0.000688 s  0 -> 1
0.00725 car_000: 接続 1 -> 2
0.0113 car_001: 接続 0 -> 1
2.22 car_001: 進入 
0.116 car_000: 進入 
4.64 car_001: 通過 
4.74 car_002: 進入 
4.02 car_006: 開始 4.02 s  2 -> 3
4.02 car_006: 接続 2 -> 3
2.11 car_000: 通過 
2.12 car_001: 進入 
5.01 car_006: 開始 5.01 s  0 -> 1
5.02 car_006: 接続 0 -> 1
1.0 car_002: 開始 1.0 s  1 -> 3
1.01 car_003: 開始 1.0 s  2 -> 3
1.01 car_004: 開始 1.01 s  1 -> 2
1.01 car_005: 開始 1.01 s  1 -> 3
1.01 car_006: 開始 1.01 s  0 -> 1
1.01 car_002: 接続 1 -> 3
1.01 car_003: 接続 2 -> 3
1.01 car_004: 接続 1 -> 2
1.01 car_006: 接続 0 -> 1
4.23 car_001: 通過 
4.23 car_002: 進入 
1.03 car_005: 接続 1 -> 3
6.75 car_002: 通過 
3.01 car_004: 開始 3.01 s  3 -> 2
3.01 car_004: 接続 3 -> 2
4.01 car_002: 開始 4.01 s  1 -> 0
4.01 car_002: 接続 1 -> 0
6.85 car_003: 進入 
7.02 car_005: 開始 7.02 s  3 -> 0
7.02 car_006: 開始 7.02 s  2 -> 1
7.02 car_006: 接続 2 -> 1
7.02 car_005: 接続 3 -> 0
4.23 car_001: 通過 
2.12 car_000: 通過 
2.12 car_001: 進入 
4.33 car_002: 進入 
6.75 car_002: 通過 
6.75 car_003: 進入 
4.01 car_005: 開始 4.01 s  3 -> 2
4.01 car_006: 開始 4.01 s  0 -> 1
4.02 car_005: 接続 3 -> 2
4.02 car_006: 接続 0 -> 1
4.12 car_001: 通過 
4.23 car_002: 進入 
6.24 car_002: 通過 
6.35 car_003: 進入 
6.01 car_003: 開始 6.01 s  1 -> 3
6.01 car_003: 接続 1 -> 3
8.86 car_003: 通過 
8.86 car_004: 進入 
4.13 car_001: 通過 
6.34 car_002: 通過 
4.24 car_002: 進入 
6.44 car_003: 進入 
8.76 car_003: 通過 
8.77 car_004: 進入 
6.24 car_002: 通過 
6.24 car_003: 進入 
8.36 car_003: 通過 
8.36 car_004: 進入 
8.01 car_004: 開始 8.01 s  1 -> 0
8.01 car_005: 開始 8.01 s  2 -> 0
8.02 car_004: 接続 1 -> 0
8.02 car_005: 接続 2 -> 0
10.9 car_004: 通過 
11.0 car_006: 進入 
6.24 car_002: 通過 
6.25 car_003: 進入 
8.44 car_003: 通過 
8.55 car_004: 進入 
10.8 car_004: 通過 
10.8 car_005: 進入 
8.25 car_003: 通過 
8.25 car_004: 進入 
10.4 car_004: 通過 
10.4 car_005: 進入 
10.0 car_006: 開始 10.0 s  1 -> 0
10.0 car_006: 接続 1 -> 0
13.0 car_006: 通過 
13.0 car_005: 進入 
8.25 car_003: 通過 
8.25 car_004: 進入 
10.6 car_004: 通過 
10.6 car_005: 進入 
12.8 car_005: 通過 
12.9 car_006: 進入 
10.3 car_004: 通過 
10.3 car_005: 進入 
12.9 car_005: 通過 
12.9 car_006: 進入 
15.0 car_005: 通過 

経過時間 15.1 s

12.6 car_005: 通過 
12.7 car_006: 進入 
10.8 car_004: 通過 
10.8 car_005: 進入 
14.9 car_006: 通過 

経過時間 15.0 s

12.8 car_005: 通過 
12.8 car_006: 進入 
15.4 car_006: 通過 

経過時間 15.5 s

14.7 car_006: 通過 

経過時間 14.8 s

13.8 car_005: 通過 
13.8 car_006: 進入 
15.3 car_006: 通過 

経過時間 15.4 s

15.8 car_006: 通過 

経過時間 15.9 s

0.000586 car_000: 開始 0.000413 s  1 -> 2
0.00106 car_001: 開始 0.000916 s  2 -> 1
0.00423 car_000: 接続 1 -> 2
0.00832 car_001: 接続 2 -> 1
0.11 car_000: 進入 
1.0 car_002: 開始 1.0 s  1 -> 3
1.01 car_002: 接続 1 -> 3
0.000519 car_000: 開始 0.00029 s  3 -> 1
0.00118 car_001: 開始 0.00107 s  2 -> 0
0.00403 car_000: 接続 3 -> 1
0.00762 car_001: 接続 2 -> 0
0.114 car_000: 進入 
2.01 car_003: 開始 2.01 s  0 -> 1
2.01 car_004: 開始 2.01 s  0 -> 2
2.02 car_003: 接続 0 -> 1
2.02 car_004: 接続 0 -> 2
2.12 car_000: 通過 
1.01 car_002: 開始 1.01 s  2 -> 0
2.12 car_001: 進入 
1.01 car_002: 接続 2 -> 0
0.000524 car_000: 開始 0.000278 s  2 -> 0
0.00712 car_000: 接続 2 -> 0
3.02 car_005: 開始 3.02 s  2 -> 3
3.02 car_005: 接続 2 -> 3
0.118 car_000: 進入 
2.12 car_000: 通過 
2.12 car_001: 進入 
1.01 car_001: 開始 1.01 s  3 -> 2
1.01 car_001: 接続 3 -> 2
3.01 car_003: 開始 3.01 s  3 -> 0
4.13 car_001: 通過 
3.02 car_003: 接続 3 -> 0
4.24 car_002: 進入 
0.000461 car_000: 開始 0.000279 s  1 -> 0
0.00682 car_000: 接続 1 -> 0
0.116 car_000: 進入 
5.02 car_006: 開始 5.02 s  3 -> 1
5.02 car_006: 接続 3 -> 1
2.13 car_000: 通過 
2.23 car_001: 進入 
4.13 car_001: 通過 
4.24 car_002: 進入 
1.0 car_001: 開始 1.0 s  0 -> 3
1.01 car_002: 開始 1.0 s  3 -> 0
1.01 car_001: 接続 0 -> 3
1.01 car_002: 接続 3 -> 0
0.000455 car_000: 開始 0.000273 s  1 -> 0
0.000919 car_001: 開始 0.000762 s  1 -> 0
0.0065 car_000: 接続 1 -> 0
0.00839 car_000: 進入 
0.0124 car_001: 接続 1 -> 0
3.01 car_002: 開始 3.01 s  3 -> 1
3.01 car_002: 接続 3 -> 1
5.01 car_004: 開始 5.01 s  1 -> 3
5.01 car_004: 接続 1 -> 3
6.25 car_002: 通過 
6.25 car_003: 進入 
2.12 car_000: 通過 
2.23 car_001: 進入 
0.000462 car_000: 開始 0.000319 s  3 -> 1
0.00382 car_000: 接続 3 -> 1
0.111 car_000: 進入 
4.24 car_001: 通過 
4.35 car_002: 進入 
6.24 car_002: 通過 
6.24 car_003: 進入 
3.01 car_003: 開始 3.01 s  2 -> 1
3.01 car_003: 接続 2 -> 1
2.0 car_002: 開始 2.0 s  2 -> 0
2.01 car_003: 開始 2.0 s  0 -> 3
2.01 car_002: 接続 2 -> 0
2.01 car_000: 通過 
2.02 car_003: 接続 0 -> 3
2.12 car_001: 進入 
5.01 car_003: 開始 5.01 s  0 -> 1
5.02 car_003: 接続 0 -> 1
7.02 car_005: 開始 7.01 s  0 -> 2
7.02 car_006: 開始 7.02 s  2 -> 1
7.02 car_005: 接続 0 -> 2
7.03 car_006: 接続 2 -> 1
8.26 car_003: 通過 
8.27 car_004: 進入 
4.01 car_004: 開始 4.01 s  1 -> 3
4.01 car_005: 開始 4.01 s  1 -> 3
4.02 car_005: 接続 1 -> 3
4.02 car_004: 接続 1 -> 3
3.01 car_004: 開始 3.01 s  1 -> 2
3.01 car_005: 開始 3.01 s  2 -> 3
3.02 car_004: 接続 1 -> 2
3.02 car_005: 接続 2 -> 3
4.24 car_001: 通過 
4.24 car_002: 進入 
2.0 car_001: 開始 2.0 s  0 -> 3
2.01 car_001: 接続 0 -> 3
2.12 car_000: 通過 
2.23 car_001: 進入 
6.36 car_002: 通過 
8.25 car_003: 通過 
6.47 car_003: 進入 
8.36 car_004: 進入 
5.02 car_006: 開始 5.02 s  1 -> 2
5.02 car_006: 接続 1 -> 2
4.02 car_006: 開始 4.02 s  0 -> 1
4.02 car_006: 接続 0 -> 1
4.13 car_001: 通過 
4.13 car_002: 進入 
7.02 car_004: 開始 7.02 s  2 -> 0
7.02 car_004: 接続 2 -> 0
3.01 car_002: 開始 3.01 s  1 -> 0
3.01 car_003: 開始 3.01 s  2 -> 1
3.01 car_004: 開始 3.01 s  0 -> 3
3.01 car_005: 開始 3.01 s  0 -> 3
3.01 car_003: 接続 2 -> 1
3.02 car_002: 接続 1 -> 0
3.02 car_005: 接続 0 -> 3
3.02 car_004: 接続 0 -> 3
10.8 car_004: 通過 
10.8 car_005: 進入 
6.25 car_002: 通過 
8.02 car_005: 開始 8.02 s  2 -> 0
6.36 car_003: 進入 
8.02 car_005: 接続 2 -> 0
4.24 car_001: 通過 
4.35 car_002: 進入 
8.48 car_003: 通過 
10.4 car_004: 通過 
10.4 car_005: 進入 
8.59 car_004: 進入 
6.14 car_002: 通過 
6.15 car_003: 進入 
9.02 car_006: 開始 9.02 s  3 -> 2
9.03 car_006: 接続 3 -> 2
5.01 car_006: 開始 5.01 s  0 -> 2
5.02 car_006: 接続 0 -> 2
12.8 car_005: 通過 
12.9 car_006: 進入 
8.37 car_003: 通過 
8.37 car_005: 進入 
6.35 car_002: 通過 
6.36 car_003: 進入 
12.4 car_005: 通過 
12.4 car_006: 進入 
10.6 car_004: 通過 
10.6 car_005: 進入 
8.16 car_003: 通過 
8.27 car_004: 進入 
14.9 car_006: 通過 
10.4 car_005: 通過 
10.4 car_004: 進入 

経過時間 15.0 s

8.36 car_003: 通過 
8.36 car_004: 進入 
14.4 car_006: 通過 

経過時間 14.5 s

10.3 car_004: 通過 
10.3 car_005: 進入 
13.1 car_005: 通過 
13.2 car_006: 進入 
10.4 car_004: 通過 
10.4 car_005: 進入 
12.9 car_004: 通過 
12.9 car_006: 進入 
12.3 car_005: 通過 
12.3 car_006: 進入 
15.2 car_006: 通過 

経過時間 15.3 s

12.9 car_005: 通過 
13.0 car_006: 進入 
14.3 car_006: 通過 

経過時間 14.4 s

15.9 car_006: 通過 

経過時間 16.0 s

15.0 car_006: 通過 

経過時間 15.1 s

0.0006 car_000: 開始 0.000414 s  3 -> 1
0.00621 car_000: 接続 3 -> 1
0.113 car_000: 進入 
0.00055 car_000: 開始 0.000368 s  3 -> 0
0.00601 car_000: 接続 3 -> 0
1.01 car_001: 開始 1.01 s  3 -> 2
1.01 car_002: 開始 1.01 s  1 -> 2
1.01 car_001: 接続 3 -> 2
1.01 car_002: 接続 1 -> 2
0.11 car_000: 進入 
2.12 car_000: 通過 
2.23 car_001: 進入 
2.01 car_001: 開始 2.01 s  0 -> 1
2.01 car_001: 接続 0 -> 1
3.01 car_003: 開始 3.01 s  1 -> 2
3.01 car_003: 接続 1 -> 2
2.11 car_000: 通過 
0.000657 car_000: 開始 0.000424 s  1 -> 3
0.00121 car_001: 開始 0.0011 s  3 -> 2
0.00157 car_002: 開始 0.00143 s  2 -> 0
0.0035 car_002: 接続 2 -> 0
0.00698 car_001: 接続 3 -> 2
0.00969 car_000: 接続 1 -> 3
2.24 car_001: 進入 
0.111 car_000: 進入 
3.01 car_002: 開始 3.01 s  0 -> 3
3.02 car_002: 接続 0 -> 3
4.01 car_004: 開始 4.01 s  0 -> 1
4.02 car_004: 接続 0 -> 1
1.0 car_003: 開始 1.0 s  1 -> 0
1.01 car_003: 接続 1 -> 0
4.23 car_001: 通過 
4.24 car_002: 進入 
0.000533 car_000: 開始 0.000351 s  0 -> 1
0.00112 car_001: 開始 0.000753 s  1 -> 3
0.00367 car_000: 接続 0 -> 1
0.00671 car_001: 接続 1 -> 3
0.108 car_000: 進入 
4.01 car_003: 開始 4.01 s  3 -> 2
4.01 car_004: 開始 4.01 s  1 -> 0
4.02 car_003: 接続 3 -> 2
4.02 car_004: 接続 1 -> 0
2.01 car_004: 開始 2.01 s  2 -> 1
2.01 car_004: 接続 2 -> 1
4.25 car_001: 通過 
2.12 car_000: 通過 
2.12 car_001: 進入 
4.35 car_002: 進入 
1.0 car_002: 開始 1.0 s  0 -> 2
1.01 car_002: 接続 0 -> 2
0.00053 car_000: 開始 0.000348 s  2 -> 0
0.00401 car_000: 接続 2 -> 0
0.113 car_000: 進入 
5.02 car_005: 開始 5.02 s  1 -> 2
5.02 car_005: 接続 1 -> 2
6.02 car_005: 開始 6.02 s  1 -> 3
6.02 car_005: 接続 1 -> 3
3.01 car_005: 開始 3.01 s  2 -> 0
3.01 car_006: 開始 3.01 s  1 -> 0
3.02 car_005: 接続 2 -> 0
3.02 car_006: 接続 1 -> 0
6.24 car_002: 通過 
6.37 car_003: 進入 
0.000482 car_000: 開始 0.000281 s  2 -> 1
0.00623 car_000: 接続 2 -> 1
1.0 car_001: 開始 1.0 s  2 -> 1
1.0 car_001: 接続 2 -> 1
2.11 car_000: 通過 
2.12 car_001: 進入 
0.112 car_000: 進入 
6.02 car_006: 開始 6.02 s  3 -> 0
6.02 car_006: 接続 3 -> 0
4.13 car_001: 通過 
4.14 car_002: 進入 
6.36 car_002: 通過 
6.36 car_003: 進入 
3.0 car_003: 開始 3.0 s  3 -> 1
3.01 car_004: 開始 3.0 s  1 -> 3
3.01 car_003: 接続 3 -> 1
3.01 car_004: 接続 1 -> 3
1.0 car_001: 開始 1.0 s  1 -> 3
1.01 car_001: 接続 1 -> 3
2.01 car_002: 開始 2.01 s  0 -> 2
2.01 car_003: 開始 2.01 s  0 -> 2
2.01 car_002: 接続 0 -> 2
2.01 car_003: 接続 0 -> 2
2.12 car_000: 通過 
2.23 car_001: 進入 
8.03 car_006: 開始 8.02 s  3 -> 2
8.03 car_006: 接続 3 -> 2
8.37 car_003: 通過 
8.38 car_004: 進入 
4.01 car_005: 開始 4.01 s  1 -> 0
4.01 car_006: 開始 4.01 s  0 -> 1
4.02 car_005: 接続 1 -> 0
4.02 car_006: 接続 0 -> 1
3.01 car_004: 開始 3.01 s  2 -> 0
3.02 car_004: 接続 2 -> 0
4.13 car_001: 通過 
2.12 car_000: 通過 
4.23 car_002: 進入 
2.23 car_001: 進入 
6.14 car_002: 通過 
8.37 car_003: 通過 
8.37 car_004: 進入 
6.25 car_003: 進入 
3.01 car_002: 開始 3.01 s  2 -> 0
3.01 car_002: 接続 2 -> 0
4.02 car_005: 開始 4.02 s  0 -> 1
4.02 car_005: 接続 0 -> 1
4.24 car_001: 通過 
4.24 car_002: 進入 
10.4 car_004: 通過 
10.4 car_005: 進入 
4.01 car_003: 開始 4.01 s  3 -> 2
4.01 car_003: 接続 3 -> 2
5.02 car_006: 開始 5.02 s  1 -> 0
5.02 car_006: 接続 1 -> 0
6.24 car_002: 通過 
6.24 car_003: 進入 
4.23 car_001: 通過 
4.34 car_002: 進入 
10.4 car_004: 通過 
8.26 car_003: 通過 
8.26 car_004: 進入 
10.5 car_005: 進入 
6.24 car_002: 通過 
6.25 car_003: 進入 
6.01 car_004: 開始 6.01 s  0 -> 3
6.02 car_004: 接続 0 -> 3
8.25 car_003: 通過 
8.26 car_004: 進入 
6.35 car_002: 通過 
6.35 car_003: 進入 
12.9 car_005: 通過 
13.0 car_006: 進入 
10.3 car_004: 通過 
10.3 car_005: 進入 
12.5 car_005: 通過 
12.5 car_006: 進入 
7.01 car_005: 開始 7.01 s  0 -> 1
7.01 car_006: 開始 7.01 s  3 -> 0
7.02 car_005: 接続 0 -> 1
7.02 car_006: 接続 3 -> 0
8.76 car_003: 通過 
8.87 car_004: 進入 
10.3 car_004: 通過 
10.3 car_005: 進入 
8.36 car_003: 通過 
8.47 car_004: 進入 
15.0 car_006: 通過 

経過時間 15.1 s

14.5 car_006: 通過 

経過時間 14.6 s

12.8 car_005: 通過 
12.8 car_006: 進入 
10.9 car_004: 通過 
10.9 car_005: 進入 
10.5 car_004: 通過 
10.5 car_005: 進入 
12.8 car_005: 通過 
12.8 car_006: 進入 
12.9 car_005: 通過 
12.9 car_006: 進入 
15.3 car_006: 通過 

経過時間 15.4 s

13.0 car_005: 通過 
13.0 car_006: 進入 
15.3 car_006: 通過 

経過時間 15.4 s

14.9 car_006: 通過 

経過時間 15.0 s

15.0 car_006: 通過 

経過時間 15.1 s

