--- NEW ---
    PROCESS_DELAY: 0.1
    CAR_SPEED    : 50
    CHECK_CONGESTION_RANGE: (-6, 3)
    CONFLICT_NUM : 5
    ARRIVAL_DELAY: 0.5
    ENTRY_DELAY  : 0.2
    CAR_PASSED_TIME   : 2
    TRAFFIC_LIGHT_TIME: (10, 10, 10, 10)
    TIME_RANDOM_RANGE : (0, 3)
clients
[{'time': 0, 'start_node': 'cross_001', 'goal_node': 'cross_036'},
 {'time': 0, 'start_node': 'cross_001', 'goal_node': 'cross_036'},
 {'time': 0, 'start_node': 'cross_001', 'goal_node': 'cross_036'},
 {'time': 0, 'start_node': 'cross_001', 'goal_node': 'cross_036'},
 {'time': 0, 'start_node': 'cross_001', 'goal_node': 'cross_036'},
 {'time': 0, 'start_node': 'cross_001', 'goal_node': 'cross_036'},
 {'time': 0, 'start_node': 'cross_001', 'goal_node': 'cross_036'}]

0.216 car_006: 接続 cross_002
0.223 car_006: 進入 
0.233 car_004: 接続 cross_002
0.254 car_005: 接続 cross_002
0.307 car_003: 接続 cross_002
0.336 car_002: 接続 cross_002
0.348 car_004: 進入 
0.349 car_005: 進入 
0.35 car_003: 進入 
0.351 car_002: 進入 
0.489 car_001: 接続 cross_007
0.507 car_000: 接続 cross_007
0.563 car_001: 進入 
0.565 car_000: 進入 
2.23 car_006: 通過 
2.35 car_004: 通過 
2.56 car_005: 通過 
2.57 car_001: 通過 
2.75 car_003: 通過 
2.77 car_000: 通過 
2.96 car_002: 通過 
4.71 car_006: 接続 cross_008
4.78 car_006: 進入 
4.83 car_004: 接続 cross_008
4.89 car_004: 進入 
5.04 car_005: 接続 cross_008
5.1 car_005: 進入 
5.14 car_001: 接続 cross_013
5.2 car_001: 進入 
5.23 car_003: 接続 cross_008
5.31 car_003: 進入 
5.35 car_000: 接続 cross_013
5.42 car_000: 進入 
5.44 car_002: 接続 cross_008
5.54 car_002: 進入 
6.79 car_006: 通過 
6.89 car_004: 通過 
7.1 car_005: 通過 
7.21 car_001: 通過 
7.32 car_003: 通過 
7.42 car_000: 通過 
7.55 car_002: 通過 
7.91 car_006: 接続 cross_009
7.95 car_006: 進入 
8.01 car_004: 接続 cross_009
8.06 car_004: 進入 
8.22 car_005: 接続 cross_009
8.27 car_005: 進入 
8.43 car_003: 接続 cross_009
8.48 car_003: 進入 
8.49 car_001: 接続 cross_014
8.59 car_001: 進入 
8.66 car_002: 接続 cross_009
8.7 car_002: 進入 
8.71 car_000: 接続 cross_014
8.81 car_000: 進入 
9.96 car_006: 通過 
10.1 car_004: 通過 
10.3 car_005: 通過 
10.5 car_003: 通過 
10.6 car_001: 通過 
10.7 car_002: 通過 
10.8 car_000: 通過 
12.3 car_006: 接続 cross_015
12.3 car_006: 進入 
12.3 car_001: 接続 cross_020
12.4 car_004: 接続 cross_015
12.4 car_004: 進入 
12.4 car_001: 進入 
12.5 car_000: 接続 cross_020
12.6 car_005: 接続 cross_015
12.6 car_005: 進入 
12.6 car_000: 進入 
12.8 car_003: 接続 cross_015
12.8 car_003: 進入 
13.0 car_002: 接続 cross_015
13.0 car_002: 進入 
14.3 car_006: 通過 
14.4 car_004: 通過 
14.4 car_001: 通過 
14.6 car_005: 通過 
14.6 car_000: 通過 
14.8 car_003: 通過 
15.0 car_002: 通過 
15.5 car_001: 接続 cross_021
15.6 car_001: 進入 
15.7 car_000: 接続 cross_021
15.8 car_000: 進入 
16.0 car_006: 接続 cross_016
16.1 car_006: 進入 
16.1 car_004: 接続 cross_016
16.2 car_004: 進入 
16.3 car_005: 接続 cross_016
16.4 car_005: 進入 
16.5 car_003: 接続 cross_016
16.6 car_003: 進入 
16.7 car_002: 接続 cross_016
16.8 car_002: 進入 
17.6 car_001: 通過 
17.8 car_000: 通過 
18.1 car_006: 通過 
18.2 car_004: 通過 
18.4 car_005: 通過 
18.6 car_003: 通過 
18.8 car_002: 通過 
19.5 car_006: 接続 cross_022
19.6 car_006: 進入 
19.7 car_004: 接続 cross_022
19.7 car_004: 進入 
19.9 car_005: 接続 cross_022
19.9 car_005: 進入 
20.0 car_001: 接続 cross_027
20.0 car_001: 進入 
20.1 car_003: 接続 cross_022
20.1 car_003: 進入 
20.2 car_000: 接続 cross_027
20.2 car_000: 進入 
20.3 car_002: 接続 cross_022
20.3 car_002: 進入 
21.6 car_006: 通過 
21.7 car_004: 通過 
21.9 car_005: 通過 
22.0 car_001: 通過 
22.1 car_003: 通過 
22.2 car_000: 通過 
22.3 car_002: 通過 
23.3 car_001: 接続 cross_033
23.4 car_001: 進入 
23.5 car_000: 接続 cross_033
23.6 car_000: 進入 
23.9 car_006: 接続 cross_023
23.9 car_006: 進入 
24.0 car_004: 接続 cross_023
24.0 car_004: 進入 
24.2 car_005: 接続 cross_023
24.2 car_005: 進入 
24.4 car_003: 接続 cross_023
24.4 car_003: 進入 
24.6 car_002: 接続 cross_023
24.6 car_002: 進入 
25.4 car_001: 通過 
25.6 car_000: 通過 
25.9 car_006: 通過 
26.0 car_004: 通過 
26.2 car_005: 通過 
26.4 car_003: 通過 
26.6 car_002: 通過 
26.8 car_006: 接続 cross_029
26.9 car_006: 進入 
26.9 car_004: 接続 cross_029
27.0 car_004: 進入 
27.1 car_005: 接続 cross_029
27.2 car_005: 進入 
27.3 car_003: 接続 cross_029
27.4 car_003: 進入 
27.5 car_001: 接続 cross_034
27.5 car_002: 接続 cross_029
27.6 car_001: 進入 
27.6 car_002: 進入 
27.7 car_000: 接続 cross_034
27.8 car_000: 進入 
28.9 car_006: 通過 
29.0 car_004: 通過 
29.2 car_005: 通過 
29.4 car_003: 通過 
29.6 car_001: 通過 
29.6 car_002: 通過 
29.8 car_000: 通過 
30.2 car_006: 接続 cross_030
30.2 car_006: 進入 
30.3 car_004: 接続 cross_030
30.4 car_004: 進入 
30.5 car_005: 接続 cross_030
30.6 car_005: 進入 
30.7 car_003: 接続 cross_030
30.8 car_003: 進入 
30.9 car_002: 接続 cross_030
31.0 car_002: 進入 
31.1 car_001: 接続 cross_035
31.1 car_001: 進入 
31.3 car_000: 接続 cross_035
31.3 car_000: 進入 
32.3 car_006: 通過 
32.4 car_004: 通過 
32.6 car_005: 通過 
32.8 car_003: 通過 
33.0 car_002: 通過 
33.1 car_001: 通過 
33.3 car_000: 通過 
34.6 car_006: 到着 1
34.7 car_004: 到着 2
34.9 car_005: 到着 3
35.2 car_003: 到着 4
35.2 car_001: 到着 5
35.4 car_002: 到着 6
35.4 car_000: 到着 7

経過時間 35.4 s


