--- NEW ---
    PROCESS_DELAY: 0.1
    CAR_SPEED    : 50
    CHECK_CONGESTION_RANGE: (-6, 3)
    CONFLICT_NUM : 5
    ARRIVAL_DELAY: 0.5
    ENTRY_DELAY  : 0.2
    CAR_PASSED_TIME   : 2
    TRAFFIC_LIGHT_TIME: (10, 10, 10, 10)
    TIME_RANDOM_RANGE : (0, 3)
clients
[{'time': 0, 'start_node': 'cross_001', 'goal_node': 'cross_036'},
 {'time': 0, 'start_node': 'cross_001', 'goal_node': 'cross_036'},
 {'time': 0, 'start_node': 'cross_001', 'goal_node': 'cross_036'},
 {'time': 0, 'start_node': 'cross_001', 'goal_node': 'cross_036'},
 {'time': 0, 'start_node': 'cross_001', 'goal_node': 'cross_036'},
 {'time': 0, 'start_node': 'cross_001', 'goal_node': 'cross_036'},
 {'time': 0, 'start_node': 'cross_001', 'goal_node': 'cross_036'}]

0.00365 car_000: 開始 0.00348 s  cross_001->cross_036
0.00404 car_000: 探索 cross_001 -> cross_036
0.00412 car_001: 開始 0.00393 s  cross_001->cross_036
0.00459 car_001: 探索 cross_001 -> cross_036
0.00466 car_002: 開始 0.00441 s  cross_001->cross_036
0.005 car_002: 探索 cross_001 -> cross_036
0.0051 car_003: 開始 0.00492 s  cross_001->cross_036
0.00554 car_003: 探索 cross_001 -> cross_036
0.00562 car_004: 開始 0.00541 s  cross_001->cross_036
0.00637 car_004: 探索 cross_001 -> cross_036
0.00643 car_005: 開始 0.00611 s  cross_001->cross_036
0.00683 car_005: 探索 cross_001 -> cross_036
0.00703 car_006: 開始 0.00677 s  cross_001->cross_036
0.00746 car_006: 探索 cross_001 -> cross_036
0.174 car_003: 進入 
0.307 car_006: 経路 ['cross_001', 'cross_002', 'cross_008', 'cross_009', 'cross_010', 'cross_016', 'cross_017', 'cross_023', 'cross_024', 'cross_030', 'cross_036']
0.308 car_004: 経路 ['cross_001', 'cross_002', 'cross_008', 'cross_009', 'cross_010', 'cross_016', 'cross_017', 'cross_023', 'cross_024', 'cross_030', 'cross_036']
0.309 car_005: 経路 ['cross_001', 'cross_002', 'cross_008', 'cross_009', 'cross_010', 'cross_016', 'cross_017', 'cross_023', 'cross_024', 'cross_030', 'cross_036']
0.31 car_003: 経路 ['cross_001', 'cross_002', 'cross_008', 'cross_009', 'cross_010', 'cross_016', 'cross_017', 'cross_023', 'cross_024', 'cross_030', 'cross_036']
0.319 car_001: 経路 ['cross_001', 'cross_002', 'cross_008', 'cross_009', 'cross_010', 'cross_016', 'cross_017', 'cross_023', 'cross_024', 'cross_030', 'cross_036']
0.319 car_000: 経路 ['cross_001', 'cross_002', 'cross_008', 'cross_009', 'cross_010', 'cross_016', 'cross_017', 'cross_023', 'cross_024', 'cross_030', 'cross_036']
0.324 car_003: 接続 cross_002
0.336 car_001: 接続 cross_002
0.34 car_002: 経路 ['cross_001', 'cross_002', 'cross_008', 'cross_009', 'cross_010', 'cross_016', 'cross_017', 'cross_023', 'cross_024', 'cross_030', 'cross_036']
0.378 car_004: 接続 cross_002
0.386 car_003: 進入 
0.387 car_001: 進入 
0.388 car_004: 進入 
0.389 car_006: 接続 cross_002
0.412 car_002: 接続 cross_002
0.416 car_000: 回避 ['cross_002']
0.462 car_005: 回避 ['cross_002']
0.531 car_000: 経路 ['cross_001', 'cross_007', 'cross_008', 'cross_009', 'cross_010', 'cross_016', 'cross_017', 'cross_023', 'cross_024', 'cross_030', 'cross_036']
0.535 car_000: 回避 ['cross_002', 'cross_009']
0.548 car_005: 経路 ['cross_001', 'cross_007', 'cross_008', 'cross_009', 'cross_010', 'cross_016', 'cross_017', 'cross_023', 'cross_024', 'cross_030', 'cross_036']
0.554 car_005: 回避 ['cross_002', 'cross_009']
0.584 car_000: 経路 ['cross_001', 'cross_007', 'cross_013', 'cross_019', 'cross_020', 'cross_026', 'cross_032', 'cross_033', 'cross_034', 'cross_035', 'cross_036']
0.594 car_000: 接続 cross_007
0.603 car_005: 経路 ['cross_001', 'cross_007', 'cross_013', 'cross_019', 'cross_020', 'cross_026', 'cross_032', 'cross_033', 'cross_034', 'cross_035', 'cross_036']
0.616 car_005: 接続 cross_007
0.627 car_000: 進入 
0.627 car_005: 進入 
0.733 car_002: 進入 
1.18 car_005: 進入 
2.07 car_006: 進入 
2.18 car_003: 通過 
2.18 car_003: 移動 2.1s
2.41 car_003: 通過 
2.41 car_003: 移動 1.67s
2.6 car_001: 通過 
2.6 car_001: 移動 2.1s
2.64 car_000: 通過 
2.64 car_000: 移動 2.55s
2.74 car_002: 通過 
2.74 car_002: 移動 2.1s
2.79 car_004: 通過 
2.79 car_004: 移動 2.1s
2.83 car_005: 通過 
2.83 car_005: 移動 2.55s
3.04 car_002: 進入 
3.2 car_005: 通過 
3.2 car_005: 移動 1.96s
4.08 car_006: 通過 
4.08 car_006: 移動 2.1s
4.09 car_003: 接続 cross_009
4.29 car_003: 接続 cross_009
4.44 car_006: 進入 
4.46 car_002: 進入 
4.7 car_001: 接続 cross_008
4.85 car_002: 接続 cross_008
4.9 car_004: 接続 cross_008
4.91 car_005: 進入 
4.91 car_004: 進入 
5.02 car_004: 進入 
5.04 car_002: 通過 
5.04 car_002: 移動 1.67s
5.14 car_006: 進入 
5.17 car_005: 接続 cross_019
5.19 car_000: 接続 cross_013
5.39 car_005: 接続 cross_019
5.58 car_002: 進入 
5.82 car_006: 進入 
6.19 car_006: 接続 cross_008
6.44 car_006: 通過 
6.44 car_006: 移動 1.67s
6.47 car_002: 通過 
6.47 car_002: 移動 1.94s
6.72 car_002: 接続 cross_010
6.91 car_005: 通過 
6.91 car_005: 移動 1.36s
6.92 car_004: 通過 
6.92 car_004: 移動 1.67s
7.03 car_004: 通過 
7.03 car_004: 移動 1.94s
7.14 car_006: 通過 
7.14 car_006: 移動 1.94s
7.58 car_002: 通過 
7.58 car_002: 移動 1.69s
7.83 car_006: 通過 
7.83 car_006: 移動 1.69s
8.03 car_005: 進入 
8.12 car_006: 接続 cross_016
8.14 car_006: 進入 
8.28 car_005: 接続 cross_020
8.41 car_002: 接続 cross_016
8.59 car_004: 接続 cross_010
8.69 car_005: 進入 
8.98 car_004: 接続 cross_010
9.09 car_006: 接続 cross_016
9.25 car_000: 進入 
9.28 car_002: 接続 cross_016
9.53 car_006: 接続 cross_016
9.68 car_003: 進入 
10.0 car_005: 通過 
10.0 car_005: 移動 1.95s
10.1 car_006: 通過 
10.1 car_006: 移動 1.15s
10.5 car_003: 進入 
10.5 car_005: 進入 
10.7 car_005: 通過 
10.7 car_005: 移動 1.56s
10.8 car_005: 進入 
11.0 car_005: 進入 
11.2 car_005: 進入 
11.2 car_000: 通過 
11.3 car_000: 移動 1.96s
11.3 car_006: 接続 cross_017
11.4 car_006: 進入 
11.5 car_000: 進入 
11.7 car_003: 通過 
11.7 car_003: 移動 1.94s
11.9 car_003: 進入 
12.0 car_005: 接続 cross_032
12.2 car_005: 進入 
12.2 car_001: 進入 
12.3 car_005: 接続 cross_032
12.5 car_003: 通過 
12.5 car_003: 移動 1.69s
12.5 car_005: 通過 
12.5 car_005: 移動 2.16s
12.8 car_005: 通過 
12.8 car_005: 移動 1.49s
13.0 car_005: 通過 
13.0 car_005: 移動 2.06s
13.2 car_005: 通過 
13.2 car_005: 移動 1.91s
13.2 car_000: 接続 cross_019
13.2 car_000: 進入 
13.4 car_006: 通過 
13.4 car_006: 移動 2.4s
13.5 car_000: 通過 
13.5 car_000: 移動 1.36s
13.6 car_003: 進入 
13.6 car_003: 接続 cross_016
14.0 car_003: 通過 
14.0 car_003: 移動 1.15s
14.2 car_005: 通過 
14.2 car_005: 移動 2.12s
14.2 car_001: 通過 
14.2 car_001: 移動 1.67s
14.2 car_003: 接続 cross_017
14.3 car_005: 到着 1
14.7 car_005: 到着 2
14.9 car_000: 接続 cross_020
15.0 car_005: 到着 3
15.1 car_005: 到着 4
15.1 car_003: 接続 cross_017
15.2 car_003: 進入 
15.2 car_000: 通過 
15.2 car_000: 移動 1.95s
15.6 car_003: 通過 
15.6 car_003: 移動 2.4s
15.8 car_006: 接続 cross_023
15.9 car_001: 接続 cross_009
15.9 car_001: 進入 
16.2 car_001: 進入 
16.3 car_005: 到着 5
16.3 car_004: 進入 
17.1 car_004: 進入 
17.2 car_003: 通過 
17.2 car_003: 移動 1.61s
17.2 car_004: 進入 
17.2 car_000: 接続 cross_026
17.6 car_006: 進入 
17.9 car_001: 通過 
17.9 car_001: 移動 1.94s
18.0 car_003: 接続 cross_024
18.1 car_002: 進入 
18.2 car_001: 通過 
18.2 car_001: 移動 1.69s
18.3 car_004: 通過 
18.3 car_004: 移動 1.69s
18.8 car_003: 接続 cross_024
18.8 car_003: 進入 
19.1 car_004: 通過 
19.1 car_004: 移動 1.15s
19.2 car_004: 通過 
19.2 car_004: 移動 2.4s
19.6 car_006: 通過 
19.6 car_006: 移動 1.61s
19.9 car_001: 接続 cross_016
19.9 car_000: 進入 
19.9 car_001: 接続 cross_016
20.0 car_004: 接続 cross_023
20.1 car_002: 通過 
20.1 car_002: 移動 1.15s
20.2 car_004: 接続 cross_023
20.4 car_006: 進入 
20.8 car_003: 通過 
20.8 car_003: 移動 1.62s
21.2 car_002: 接続 cross_017
21.2 car_006: 接続 cross_024
21.3 car_002: 進入 
21.6 car_004: 接続 cross_023
21.6 car_004: 進入 
21.8 car_002: 進入 
21.9 car_000: 通過 
21.9 car_000: 移動 1.56s
22.4 car_003: 接続 cross_030
22.4 car_006: 通過 
22.4 car_006: 移動 1.62s
22.5 car_003: 進入 
23.3 car_002: 通過 
23.3 car_002: 移動 2.4s
23.4 car_000: 接続 cross_032
23.5 car_004: 進入 
23.6 car_004: 通過 
23.6 car_004: 移動 1.61s
23.6 car_001: 進入 
23.6 car_006: 進入 
23.8 car_001: 進入 
23.8 car_002: 通過 
23.8 car_002: 移動 1.61s
24.1 car_006: 接続 cross_030
24.2 car_001: 進入 
24.5 car_003: 通過 
24.5 car_003: 移動 2.39s
24.5 car_004: 進入 
25.0 car_006: 進入 
25.2 car_004: 接続 cross_024
25.3 car_002: 進入 
25.3 car_004: 進入 
25.4 car_002: 接続 cross_024
25.5 car_002: 進入 
25.5 car_004: 通過 
25.5 car_004: 移動 1.62s
25.6 car_001: 通過 
25.6 car_001: 移動 1.15s
25.6 car_006: 通過 
25.7 car_006: 移動 2.39s
25.7 car_002: 接続 cross_024
25.7 car_002: 進入 
25.8 car_001: 通過 
25.8 car_001: 移動 2.4s
26.2 car_001: 通過 
26.2 car_001: 移動 1.61s
26.5 car_004: 通過 
26.5 car_004: 移動 2.39s
26.8 car_001: 接続 cross_024
26.9 car_001: 進入 
26.9 car_003: 到着 6
27.0 car_006: 通過 
27.0 car_006: 移動 1.74s
27.1 car_004: 到着 7

経過時間 27.2 s


27.3 car_002: 通過 
27.3 car_002: 移動 1.62s
27.3 car_004: 通過 
27.3 car_004: 移動 1.74s
27.5 car_002: 通過 
27.5 car_002: 移動 2.39s
27.7 car_002: 通過 
27.7 car_002: 移動 1.74s
27.8 car_001: 接続 cross_024
28.0 car_006: 到着 8
28.2 car_001: 接続 cross_024
28.7 car_006: 到着 9
28.9 car_001: 通過 
28.9 car_001: 移動 1.62s
28.9 car_004: 到着 10
28.9 car_002: 到着 11
29.1 car_004: 到着 12
29.5 car_002: 到着 13
29.9 car_002: 到着 14
30.5 car_001: 接続 cross_030
