0 car_000: 開始 0.000594 s  1 -> 2
0 car_000: 接続 1 -> 2
0 : 待機数 
0 car_000: 進入 
0 car_001: 開始 0.204 s  3 -> 0
0 car_001: 接続 3 -> 0
0 : 待機数 
1 car_002: 開始 1.81 s  1 -> 3
1 car_002: 接続 1 -> 3
1 : 待機数 
2 car_000: 通過 処理数 1
3 car_003: 開始 3.41 s  3 -> 0
3 car_003: 接続 3 -> 0
3 : 待機数 
0 car_000: 開始 0.000611 s  2 -> 1
0 car_000: 接続 2 -> 1
0 : 待機数 
0 car_001: 開始 0.102 s  0 -> 3
0 car_001: 接続 0 -> 3
0 : 待機数 
0 car_000: 進入 
1 car_002: 開始 1.8 s  1 -> 3
1 car_002: 接続 1 -> 3
1 : 待機数 
2 car_000: 通過 処理数 1
0 car_000: 開始 0.000722 s  0 -> 3
0 car_000: 接続 0 -> 3
0 : 待機数 
0 car_000: 進入 
1 car_001: 開始 1.7 s  3 -> 0
1 car_002: 開始 1.7 s  2 -> 0
1 car_001: 接続 3 -> 0
1 : 待機数 
1 car_002: 接続 2 -> 0
1 : 待機数 
1 car_003: 開始 1.91 s  1 -> 2
1 car_003: 接続 1 -> 2
1 : 待機数 
2 car_000: 通過 処理数 1
2 car_004: 開始 2.71 s  3 -> 1
2 car_004: 接続 3 -> 1
2 : 待機数 
0 car_000: 開始 0.000578 s  3 -> 1
0 car_000: 接続 3 -> 1
0 : 待機数 
0 car_000: 進入 
0 car_001: 開始 0.504 s  3 -> 1
0 car_001: 接続 3 -> 1
0 : 待機数 
2 car_002: 開始 2.11 s  2 -> 1
2 car_002: 接続 2 -> 1
2 : 待機数 
2 car_000: 通過 処理数 1
2 car_003: 開始 2.41 s  3 -> 2
2 car_003: 接続 3 -> 2
2 : 待機数 
3 car_004: 開始 3.32 s  1 -> 0
3 car_004: 接続 1 -> 0
3 : 待機数 
0 car_000: 開始 0.000647 s  1 -> 0
0 car_000: 接続 1 -> 0
0 : 待機数 []
0 car_000: 進入 
0 car_001: 開始 0.705 s  2 -> 0
0 car_001: 接続 2 -> 0
0 : 待機数 []
0 car_000: 開始 0.000536 s  0 -> 3
0 car_000: 接続 0 -> 3
0 : 待機数 [('car_000',)]
0 car_000: 進入 
1 car_001: 開始 1.21 s  2 -> 1
1 car_001: 接続 2 -> 1
1 : 待機数 [('car_001',)]
1 car_002: 開始 1.91 s  2 -> 1
1 car_002: 接続 2 -> 1
1 : 待機数 [('car_001',), ('car_002',)]
2 car_000: 通過 処理数 1
2 : 待機数 [('car_001',), ('car_002',)]
2 car_001: 進入 
0 car_000: 開始 0.000589 s  0 -> 2
0 car_000: 接続 0 -> 2
0 : 待機数 1
1 car_001: 開始 1.0 s  2 -> 1
1 car_001: 接続 2 -> 1
1 : 待機数 2
2 car_002: 開始 2.41 s  3 -> 0
2 car_002: 接続 3 -> 0
2 : 待機数 3
4 car_003: 開始 4.21 s  1 -> 0
4 car_003: 接続 1 -> 0
4 : 待機数 4
0 car_000: 開始 0.000637 s  2 -> 3
0 car_000: 接続 2 -> 3
0 : 待機数 1
0 car_001: 開始 0.407 s  1 -> 3
0 car_001: 接続 1 -> 3
0 : 待機数 2
1 car_002: 開始 1.31 s  0 -> 3
1 car_002: 接続 0 -> 3
1 : 待機数 3
0 car_000: 開始 0.000857 s  1 -> 2
0 car_000: 接続 1 -> 2
0 : 待機数 1
2 car_001: 開始 2.0 s  0 -> 2
2 car_001: 接続 0 -> 2
2 : 待機数 2
3 car_002: 開始 3.81 s  2 -> 3
3 car_002: 接続 2 -> 3
3 : 待機数 3
5 car_003: 開始 5.41 s  2 -> 0
5 car_003: 接続 2 -> 0
5 : 待機数 4
5 car_004: 開始 5.92 s  2 -> 0
5 car_004: 接続 2 -> 0
5 : 待機数 5
6 car_005: 開始 6.92 s  2 -> 0
6 car_005: 接続 2 -> 0
6 : 待機数 6
8 car_006: 開始 8.53 s  3 -> 0
8 car_006: 接続 3 -> 0
8 : 待機数 7
8 car_007: 開始 8.93 s  2 -> 1
8 car_007: 接続 2 -> 1
8 : 待機数 8
0 car_000: 開始 0.000685 s  1 -> 2
0 car_000: 接続 1 -> 2
0 : 待機数 1
1 car_001: 開始 1.7 s  0 -> 2
1 car_001: 接続 0 -> 2
1 : 待機数 2
2 car_002: 開始 2.41 s  2 -> 1
2 car_002: 接続 2 -> 1
2 : 待機数 3
0 car_000: 開始 0.000604 s  0 -> 3
0 car_001: 開始 0.00153 s  1 -> 3
0 car_001: 接続 1 -> 3
0 : 待機数 1
0 car_000: 接続 0 -> 3
0 : 待機数 2
1 car_002: 開始 1.5 s  1 -> 0
1 car_002: 接続 1 -> 0
1 : 待機数 3
2 car_003: 開始 2.41 s  1 -> 2
2 car_003: 接続 1 -> 2
2 : 待機数 4
4 car_004: 開始 4.21 s  0 -> 2
4 car_004: 接続 0 -> 2
4 : 待機数 5
0 car_000: 開始 0.000484 s  1 -> 0
0 car_000: 接続 1 -> 0
0 : 待機数 1
0 car_001: 開始 0.504 s  1 -> 0
0 car_001: 接続 1 -> 0
0 : 待機数 2
0 car_000: 開始 0.000578 s  3 -> 1
0 car_000: 接続 3 -> 1
0 : 待機数 1
0 car_000: 開始 0.000716 s  1 -> 0
0 car_001: 開始 0.00119 s  3 -> 1
0 car_002: 開始 0.00168 s  1 -> 0
0 car_002: 接続 1 -> 0
0 : 待機数 1
0 car_000: 接続 1 -> 0
0 : 待機数 2
0 car_001: 接続 3 -> 1
0 : 待機数 3
0 car_000: 開始 0.000537 s  1 -> 0
0 car_000: 接続 1 -> 0
0 : 待機数 1
0 car_001: 開始 0.404 s  0 -> 1
0 car_001: 接続 0 -> 1
0 : 待機数 2
1 car_002: 開始 1.0 s  1 -> 0
1 car_002: 接続 1 -> 0
1 : 待機数 3
2 car_003: 開始 2.11 s  2 -> 3
2 car_004: 開始 2.11 s  2 -> 1
2 car_003: 接続 2 -> 3
2 : 待機数 4
2 car_004: 接続 2 -> 1
2 : 待機数 5
2 car_005: 開始 2.31 s  0 -> 1
2 car_005: 接続 0 -> 1
2 : 待機数 6
2 car_006: 開始 2.72 s  1 -> 3
2 car_006: 接続 1 -> 3
2 : 待機数 7
0 car_000: 開始 0.000619 s  2 -> 1
0 car_000: 接続 2 -> 1
0 : 待機数 1
0 car_000: 進入 
1 car_001: 開始 1.6 s  1 -> 2
1 car_001: 接続 1 -> 2
1 : 待機数 1
2 car_000: 通過 処理数 1
2 : 待機数 1
3 car_002: 開始 3.11 s  0 -> 1
3 car_002: 接続 0 -> 1
3 : 待機数 2
3 car_002: 進入 
3 car_003: 開始 3.81 s  2 -> 1
3 car_003: 接続 2 -> 1
3 : 待機数 2
4 信号: 黄
5 car_002: 通過 処理数 2
5 : 待機数 2
5 car_004: 開始 5.61 s  1 -> 2
5 car_004: 接続 1 -> 2
5 : 待機数 3
6 信号: 青 (1, 3)
6 car_001: 進入 
6 car_004: 進入 
7 car_005: 開始 7.21 s  0 -> 1
7 car_006: 開始 7.21 s  1 -> 3
7 car_005: 接続 0 -> 1
7 : 待機数 2
7 car_006: 接続 1 -> 3
7 : 待機数 3
7 car_006: 進入 
7 car_007: 開始 7.32 s  3 -> 1
7 car_007: 接続 3 -> 1
7 : 待機数 3
7 car_007: 進入 
8 信号: 黄
8 car_001: 通過 処理数 3
8 : 待機数 2
8 car_004: 通過 処理数 4
8 : 待機数 2
