--- NEW ---
    PROCESS_DELAY: 0.1
    CAR_SPEED    : 50
    CHECK_CONGESTION_RANGE: (-6, 3)
    CONFLICT_NUM : 5
    ARRIVAL_DELAY: 0.5
    ENTRY_DELAY  : 0.2
    CAR_PASSED_TIME   : 2
    TRAFFIC_LIGHT_TIME: (10, 10, 10, 10)
    TIME_RANDOM_RANGE : (0, 3)
clients
[{'time': 0, 'start_node': 'cross_001', 'goal_node': 'cross_036'},
 {'time': 0, 'start_node': 'cross_001', 'goal_node': 'cross_036'},
 {'time': 0, 'start_node': 'cross_001', 'goal_node': 'cross_036'},
 {'time': 0, 'start_node': 'cross_001', 'goal_node': 'cross_036'},
 {'time': 0, 'start_node': 'cross_001', 'goal_node': 'cross_036'},
 {'time': 0, 'start_node': 'cross_001', 'goal_node': 'cross_036'},
 {'time': 0, 'start_node': 'cross_001', 'goal_node': 'cross_036'}]

0.2 car_006: 接続 cross_002
0.217 car_003: 接続 cross_002
0.224 car_006: 進入 
0.224 car_003: 進入 
0.266 car_002: 接続 cross_002
0.297 car_001: 接続 cross_002
0.307 car_004: 接続 cross_002
0.329 car_002: 進入 
0.33 car_004: 進入 
0.332 car_001: 進入 
0.422 car_000: 接続 cross_007
0.445 car_000: 進入 
0.448 car_005: 接続 cross_007
0.555 car_005: 進入 
2.23 car_006: 通過 
2.44 car_002: 通過 
2.45 car_000: 通過 
2.48 car_003: 通過 
2.56 car_004: 通過 
2.6 car_005: 通過 
2.74 car_001: 通過 
4.71 car_006: 接続 cross_008
4.75 car_006: 進入 
4.92 car_002: 接続 cross_008
4.95 car_003: 接続 cross_008
4.96 car_002: 進入 
4.96 car_003: 進入 
5.02 car_000: 接続 cross_013
5.04 car_004: 接続 cross_008
5.07 car_004: 進入 
5.08 car_000: 進入 
5.18 car_005: 接続 cross_013
5.18 car_005: 進入 
5.21 car_001: 接続 cross_008
5.29 car_001: 進入 
6.75 car_006: 通過 
6.97 car_002: 通過 
7.08 car_004: 通過 
7.08 car_000: 通過 
7.17 car_003: 通過 
7.19 car_005: 通過 
7.3 car_001: 通過 
7.87 car_006: 接続 cross_009
7.92 car_006: 進入 
8.08 car_002: 接続 cross_009
8.13 car_002: 進入 
8.2 car_004: 接続 cross_009
8.24 car_004: 進入 
8.29 car_003: 接続 cross_009
8.34 car_003: 進入 
8.36 car_000: 接続 cross_014
8.41 car_001: 接続 cross_009
8.45 car_000: 進入 
8.45 car_001: 進入 
8.46 car_005: 接続 cross_014
8.56 car_005: 進入 
9.93 car_006: 通過 
10.1 car_002: 通過 
10.2 car_004: 通過 
10.4 car_003: 通過 
10.5 car_000: 通過 
10.5 car_001: 通過 
10.6 car_005: 通過 
12.2 car_000: 接続 cross_020
12.2 car_006: 接続 cross_015
12.2 car_000: 進入 
12.3 car_005: 接続 cross_020
12.3 car_006: 進入 
12.3 car_005: 進入 
12.4 car_002: 接続 cross_015
12.5 car_002: 進入 
12.5 car_004: 接続 cross_015
12.6 car_004: 進入 
12.7 car_003: 接続 cross_015
12.7 car_003: 進入 
12.8 car_001: 接続 cross_015
12.8 car_001: 進入 
14.2 car_000: 通過 
14.3 car_006: 通過 
14.4 car_005: 通過 
14.5 car_002: 通過 
14.6 car_004: 通過 
14.7 car_003: 通過 
14.8 car_001: 通過 
15.4 car_000: 接続 cross_021
15.4 car_000: 進入 
15.5 car_005: 接続 cross_021
15.5 car_005: 進入 
16.1 car_006: 接続 cross_016
16.2 car_006: 進入 
16.2 car_002: 接続 cross_016
16.3 car_002: 進入 
16.3 car_004: 接続 cross_016
16.4 car_004: 進入 
16.4 car_003: 接続 cross_016
16.5 car_003: 進入 
16.5 car_001: 接続 cross_016
16.6 car_001: 進入 
17.4 car_000: 通過 
17.5 car_005: 通過 
18.2 car_006: 通過 
18.3 car_002: 通過 
18.4 car_004: 通過 
18.5 car_003: 通過 
18.6 car_001: 通過 
19.6 car_006: 接続 cross_022
19.7 car_006: 進入 
19.7 car_002: 接続 cross_022
19.8 car_002: 進入 
19.8 car_004: 接続 cross_022
19.8 car_000: 接続 cross_027
19.9 car_004: 進入 
19.9 car_000: 進入 
19.9 car_003: 接続 cross_022
19.9 car_005: 接続 cross_027
20.0 car_003: 進入 
20.0 car_005: 進入 
20.0 car_001: 接続 cross_022
20.1 car_001: 進入 
21.7 car_006: 通過 
21.8 car_002: 通過 
21.9 car_004: 通過 
21.9 car_000: 通過 
22.0 car_003: 通過 
22.0 car_005: 通過 
22.2 car_001: 通過 
23.2 car_000: 接続 cross_033
23.3 car_000: 進入 
23.3 car_005: 接続 cross_033
23.4 car_005: 進入 
24.0 car_006: 接続 cross_023
24.0 car_006: 進入 
24.1 car_002: 接続 cross_023
24.1 car_002: 進入 
24.2 car_004: 接続 cross_023
24.2 car_004: 進入 
24.3 car_003: 接続 cross_023
24.3 car_003: 進入 
24.4 car_001: 接続 cross_023
24.4 car_001: 進入 
25.3 car_000: 通過 
25.4 car_005: 通過 
26.0 car_006: 通過 
26.1 car_002: 通過 
26.2 car_004: 通過 
26.3 car_003: 通過 
26.4 car_001: 通過 
26.9 car_006: 接続 cross_029
27.0 car_006: 進入 
27.0 car_002: 接続 cross_029
27.1 car_002: 進入 
27.1 car_004: 接続 cross_029
27.2 car_004: 進入 
27.2 car_003: 接続 cross_029
27.3 car_003: 進入 
27.3 car_001: 接続 cross_029
27.4 car_001: 進入 
27.4 car_000: 接続 cross_034
27.5 car_000: 進入 
27.5 car_005: 接続 cross_034
27.6 car_005: 進入 
29.0 car_006: 通過 
29.1 car_002: 通過 
29.2 car_004: 通過 
29.3 car_003: 通過 
29.4 car_001: 通過 
29.5 car_000: 通過 
29.6 car_005: 通過 
30.3 car_006: 接続 cross_030
30.4 car_006: 進入 
30.4 car_002: 接続 cross_030
30.5 car_002: 進入 
30.5 car_004: 接続 cross_030
30.6 car_004: 進入 
30.6 car_003: 接続 cross_030
30.7 car_003: 進入 
30.7 car_001: 接続 cross_030
30.8 car_001: 進入 
31.0 car_000: 接続 cross_035
31.0 car_000: 進入 
31.1 car_005: 接続 cross_035
31.1 car_005: 進入 
32.4 car_006: 通過 
32.5 car_002: 通過 
32.6 car_004: 通過 
32.7 car_003: 通過 
32.8 car_001: 通過 
33.0 car_000: 通過 
33.1 car_005: 通過 
34.7 car_006: 到着 1
34.8 car_002: 到着 2
34.9 car_004: 到着 3
35.0 car_003: 到着 4
35.1 car_000: 到着 5
35.2 car_001: 到着 6
35.2 car_005: 到着 7

経過時間 35.3 s


