--- NEW ---
    PROCESS_DELAY: 0.1
    CAR_SPEED    : 50
    CHECK_CONGESTION_RANGE: (-6, 3)
    CONFLICT_NUM : 5
    ARRIVAL_DELAY: 0.5
    ENTRY_DELAY  : 0.2
    CAR_PASSED_TIME   : 2
    TRAFFIC_LIGHT_TIME: (10, 10, 10, 10)
    TIME_RANDOM_RANGE : (0, 3)
clients
[{'time': 0, 'start_node': 'cross_001', 'goal_node': 'cross_036'},
 {'time': 0, 'start_node': 'cross_001', 'goal_node': 'cross_036'},
 {'time': 0, 'start_node': 'cross_001', 'goal_node': 'cross_036'},
 {'time': 0, 'start_node': 'cross_001', 'goal_node': 'cross_036'},
 {'time': 0, 'start_node': 'cross_001', 'goal_node': 'cross_036'},
 {'time': 0, 'start_node': 'cross_001', 'goal_node': 'cross_036'},
 {'time': 0, 'start_node': 'cross_001', 'goal_node': 'cross_036'}]

0.402 car_003: 接続 cross_002
0.437 car_000: 接続 cross_002
0.45 car_003: 進入 
0.461 car_005: 接続 cross_002
0.483 car_006: 接続 cross_002
0.514 car_001: 接続 cross_007
0.558 car_001: 進入 
0.56 car_000: 進入 
0.561 car_005: 進入 
0.563 car_006: 進入 
0.652 car_002: 接続 cross_007
0.677 car_004: 接続 cross_007
0.679 car_002: 進入 
0.68 car_004: 進入 
2.46 car_003: 通過 
2.57 car_001: 通過 
2.58 car_000: 通過 
2.68 car_002: 通過 
2.77 car_005: 通過 
2.89 car_004: 通過 
2.97 car_006: 通過 
4.93 car_003: 接続 cross_008
4.96 car_003: 進入 
5.05 car_000: 接続 cross_008
5.07 car_000: 進入 
5.14 car_001: 接続 cross_013
5.17 car_001: 進入 
5.25 car_005: 接続 cross_008
5.25 car_002: 接続 cross_013
5.28 car_002: 進入 
5.28 car_005: 進入 
5.45 car_006: 接続 cross_008
5.46 car_004: 接続 cross_013
5.49 car_004: 進入 
5.5 car_006: 進入 
6.96 car_003: 通過 
7.08 car_000: 通過 
7.18 car_001: 通過 
7.29 car_002: 通過 
7.29 car_005: 通過 
7.5 car_004: 通過 
7.51 car_006: 通過 
8.08 car_003: 接続 cross_009
8.12 car_003: 進入 
8.19 car_000: 接続 cross_009
8.23 car_000: 進入 
8.41 car_005: 接続 cross_009
8.44 car_005: 進入 
8.46 car_001: 接続 cross_014
8.54 car_001: 進入 
8.57 car_002: 接続 cross_014
8.62 car_006: 接続 cross_009
8.65 car_002: 進入 
8.66 car_006: 進入 
8.78 car_004: 接続 cross_014
8.87 car_004: 進入 
10.1 car_003: 通過 
10.2 car_000: 通過 
10.4 car_005: 通過 
10.6 car_001: 通過 
10.7 car_002: 通過 
10.7 car_006: 通過 
10.9 car_004: 通過 
12.3 car_001: 接続 cross_020
12.3 car_001: 進入 
12.4 car_002: 接続 cross_020
12.4 car_002: 進入 
12.4 car_003: 接続 cross_015
12.5 car_003: 進入 
12.5 car_000: 接続 cross_015
12.6 car_004: 接続 cross_020
12.6 car_000: 進入 
12.6 car_004: 進入 
12.7 car_005: 接続 cross_015
12.8 car_005: 進入 
13.0 car_006: 接続 cross_015
13.0 car_006: 進入 
14.3 car_001: 通過 
14.4 car_002: 通過 
14.5 car_003: 通過 
14.6 car_004: 通過 
14.6 car_000: 通過 
14.8 car_005: 通過 
15.0 car_006: 通過 
15.5 car_001: 接続 cross_021
15.5 car_001: 進入 
15.6 car_002: 接続 cross_021
15.6 car_002: 進入 
15.8 car_004: 接続 cross_021
15.8 car_004: 進入 
16.2 car_003: 接続 cross_016
16.3 car_003: 進入 
16.4 car_000: 接続 cross_016
16.4 car_000: 進入 
16.5 car_005: 接続 cross_016
16.6 car_005: 進入 
16.7 car_006: 接続 cross_016
16.8 car_006: 進入 
17.5 car_001: 通過 
17.6 car_002: 通過 
17.8 car_004: 通過 
18.3 car_003: 通過 
18.5 car_000: 通過 
18.6 car_005: 通過 
18.8 car_006: 通過 
19.8 car_003: 接続 cross_022
19.9 car_003: 進入 
19.9 car_000: 接続 cross_022
19.9 car_001: 接続 cross_022
20.0 car_000: 進入 
20.0 car_001: 進入 
20.0 car_005: 接続 cross_022
20.0 car_002: 接続 cross_027
20.1 car_005: 進入 
20.1 car_002: 進入 
20.2 car_006: 接続 cross_022
20.2 car_004: 接続 cross_027
20.3 car_006: 進入 
20.3 car_004: 進入 
21.9 car_003: 通過 
22.0 car_000: 通過 
22.0 car_001: 通過 
22.1 car_005: 通過 
22.1 car_002: 通過 
22.3 car_006: 通過 
22.3 car_004: 通過 
23.4 car_002: 接続 cross_033
23.5 car_002: 進入 
23.6 car_004: 接続 cross_033
23.6 car_004: 進入 
24.2 car_003: 接続 cross_023
24.2 car_003: 進入 
24.3 car_000: 接続 cross_023
24.3 car_000: 進入 
24.4 car_005: 接続 cross_023
24.4 car_005: 進入 
24.5 car_001: 接続 cross_023
24.6 car_001: 進入 
24.6 car_006: 接続 cross_023
24.7 car_006: 進入 
25.5 car_002: 通過 
25.6 car_004: 通過 
26.2 car_003: 通過 
26.3 car_000: 通過 
26.4 car_005: 通過 
26.6 car_001: 通過 
26.7 car_006: 通過 
27.1 car_003: 接続 cross_029
27.2 car_003: 進入 
27.2 car_000: 接続 cross_029
27.3 car_000: 進入 
27.3 car_005: 接続 cross_029
27.4 car_005: 進入 
27.4 car_001: 接続 cross_029
27.5 car_001: 進入 
27.5 car_006: 接続 cross_029
27.6 car_006: 進入 
27.6 car_002: 接続 cross_034
27.7 car_002: 進入 
27.8 car_004: 接続 cross_034
27.8 car_004: 進入 
29.2 car_003: 通過 
29.3 car_000: 通過 
29.4 car_005: 通過 
29.5 car_001: 通過 
29.6 car_006: 通過 
29.7 car_002: 通過 
29.8 car_004: 通過 
30.5 car_003: 接続 cross_030
30.6 car_003: 進入 
30.6 car_000: 接続 cross_030
30.7 car_000: 進入 
30.7 car_005: 接続 cross_030
30.8 car_005: 進入 
30.8 car_001: 接続 cross_030
30.9 car_001: 進入 
30.9 car_006: 接続 cross_030
31.0 car_006: 進入 
31.2 car_002: 接続 cross_035
31.2 car_002: 進入 
31.3 car_004: 接続 cross_035
31.3 car_004: 進入 
32.6 car_003: 通過 
32.7 car_000: 通過 
32.8 car_005: 通過 
32.9 car_001: 通過 
33.0 car_006: 通過 
33.3 car_002: 通過 
33.4 car_004: 通過 
35.0 car_003: 到着 1
35.1 car_000: 到着 2
35.2 car_005: 到着 3
35.3 car_001: 到着 4
35.3 car_002: 到着 5
35.4 car_006: 到着 6
35.4 car_004: 到着 7

経過時間 35.5 s


