--- NEW ---
    PROCESS_DELAY: 0.1
    CAR_SPEED    : 50
    CHECK_CONGESTION_RANGE: (-6, 3)
    CONFLICT_NUM : 5
    ARRIVAL_DELAY: 0.5
    ENTRY_DELAY  : 0.2
    CAR_PASSED_TIME   : 2
    TRAFFIC_LIGHT_TIME: (10, 10, 10, 10)
    TIME_RANDOM_RANGE : (0, 3)
clients
[{'time': 0, 'start_node': 'cross_001', 'goal_node': 'cross_036'},
 {'time': 0, 'start_node': 'cross_001', 'goal_node': 'cross_036'},
 {'time': 0, 'start_node': 'cross_001', 'goal_node': 'cross_036'},
 {'time': 0, 'start_node': 'cross_001', 'goal_node': 'cross_036'},
 {'time': 0, 'start_node': 'cross_001', 'goal_node': 'cross_036'},
 {'time': 0, 'start_node': 'cross_001', 'goal_node': 'cross_036'},
 {'time': 0, 'start_node': 'cross_001', 'goal_node': 'cross_036'}]

0.00314 car_000: 開始 0.00291 s  cross_001->cross_036
0.00369 car_001: 開始 0.00353 s  cross_001->cross_036
0.00373 car_000: 探索 cross_001 -> cross_036
0.00409 car_001: 探索 cross_001 -> cross_036
0.00425 car_002: 開始 0.00413 s  cross_001->cross_036
0.00483 car_003: 開始 0.00458 s  cross_001->cross_036
0.00485 car_002: 探索 cross_001 -> cross_036
0.00533 car_003: 探索 cross_001 -> cross_036
0.00544 car_004: 開始 0.00519 s  cross_001->cross_036
0.00596 car_004: 探索 cross_001 -> cross_036
0.00644 car_005: 開始 0.00576 s  cross_001->cross_036
0.00688 car_005: 探索 cross_001 -> cross_036
0.00696 car_006: 開始 0.00672 s  cross_001->cross_036
0.0073 car_006: 探索 cross_001 -> cross_036
0.204 car_006: 経路 ['cross_001', 'cross_002', 'cross_008', 'cross_009', 'cross_010', 'cross_016', 'cross_017', 'cross_023', 'cross_024', 'cross_030', 'cross_036']
0.206 car_004: 経路 ['cross_001', 'cross_002', 'cross_008', 'cross_009', 'cross_010', 'cross_016', 'cross_017', 'cross_023', 'cross_024', 'cross_030', 'cross_036']
0.207 car_001: 経路 ['cross_001', 'cross_002', 'cross_008', 'cross_009', 'cross_010', 'cross_016', 'cross_017', 'cross_023', 'cross_024', 'cross_030', 'cross_036']
0.207 car_000: 経路 ['cross_001', 'cross_002', 'cross_008', 'cross_009', 'cross_010', 'cross_016', 'cross_017', 'cross_023', 'cross_024', 'cross_030', 'cross_036']
0.21 car_003: 経路 ['cross_001', 'cross_002', 'cross_008', 'cross_009', 'cross_010', 'cross_016', 'cross_017', 'cross_023', 'cross_024', 'cross_030', 'cross_036']
0.218 car_006: 接続 cross_002
0.219 car_005: 経路 ['cross_001', 'cross_002', 'cross_008', 'cross_009', 'cross_010', 'cross_016', 'cross_017', 'cross_023', 'cross_024', 'cross_030', 'cross_036']
0.229 car_004: 接続 cross_002
0.244 car_003: 接続 cross_002
0.259 car_001: 接続 cross_002
0.278 car_000: 接続 cross_002
0.282 car_005: 回避 ['cross_002']
0.282 car_002: 経路 ['cross_001', 'cross_002', 'cross_008', 'cross_009', 'cross_010', 'cross_016', 'cross_017', 'cross_023', 'cross_024', 'cross_030', 'cross_036']
0.284 car_002: 回避 ['cross_002']
0.322 car_001: 進入 
0.323 car_000: 進入 
0.33 car_005: 経路 ['cross_001', 'cross_007', 'cross_008', 'cross_009', 'cross_010', 'cross_016', 'cross_017', 'cross_023', 'cross_024', 'cross_030', 'cross_036']
0.334 car_005: 回避 ['cross_002', 'cross_009']
0.337 car_002: 経路 ['cross_001', 'cross_007', 'cross_008', 'cross_009', 'cross_010', 'cross_016', 'cross_017', 'cross_023', 'cross_024', 'cross_030', 'cross_036']
0.343 car_002: 回避 ['cross_002', 'cross_009']
0.382 car_002: 経路 ['cross_001', 'cross_007', 'cross_013', 'cross_019', 'cross_020', 'cross_026', 'cross_032', 'cross_033', 'cross_034', 'cross_035', 'cross_036']
0.383 car_005: 経路 ['cross_001', 'cross_007', 'cross_013', 'cross_019', 'cross_020', 'cross_026', 'cross_032', 'cross_033', 'cross_034', 'cross_035', 'cross_036']
0.393 car_002: 接続 cross_007
0.403 car_005: 接続 cross_007
0.428 car_002: 進入 
0.429 car_005: 進入 
1.39 car_003: 進入 
1.39 car_004: 進入 
2.44 car_001: 通過 
2.44 car_001: 移動 2.1s
2.45 car_002: 通過 
2.45 car_002: 移動 2.55s
2.48 car_004: 進入 
2.53 car_000: 通過 
2.53 car_000: 移動 2.1s
2.61 car_000: 進入 
2.62 car_005: 進入 
2.63 car_005: 通過 
2.64 car_005: 移動 2.55s
3.05 car_005: 進入 
3.05 car_001: 進入 
3.05 car_000: 進入 
3.17 car_006: 進入 
3.17 car_002: 進入 
3.17 car_001: 進入 
3.17 car_003: 進入 
3.4 car_003: 通過 
3.4 car_003: 移動 2.1s
3.6 car_004: 通過 
3.6 car_004: 移動 2.1s
3.62 car_006: 進入 
4.15 car_004: 進入 
4.26 car_006: 進入 
4.37 car_003: 進入 
4.49 car_004: 通過 
4.49 car_004: 移動 1.67s
4.56 car_001: 接続 cross_008
4.62 car_000: 通過 
4.62 car_000: 移動 1.67s
4.64 car_000: 接続 cross_009
4.82 car_005: 通過 
4.82 car_005: 移動 1.96s
5.01 car_002: 接続 cross_013
5.05 car_005: 通過 
5.05 car_005: 移動 1.36s
5.05 car_001: 通過 
5.05 car_001: 移動 1.67s
5.18 car_006: 通過 
5.18 car_006: 移動 2.1s
5.19 car_005: 接続 cross_020
5.26 car_000: 通過 
5.26 car_000: 移動 1.94s
5.38 car_002: 通過 
5.38 car_002: 移動 1.96s
5.51 car_003: 接続 cross_008
5.57 car_003: 進入 
5.58 car_001: 通過 
5.58 car_001: 移動 1.94s
5.62 car_006: 通過 
5.62 car_006: 移動 1.67s
5.71 car_004: 接続 cross_009
5.78 car_003: 通過 
5.78 car_003: 移動 1.67s
6.1 car_000: 進入 
6.15 car_004: 通過 
6.15 car_004: 移動 1.94s
6.16 car_004: 接続 cross_010
6.26 car_006: 通過 
6.26 car_006: 移動 1.94s
6.29 car_000: 接続 cross_010
6.38 car_003: 通過 
6.38 car_003: 移動 1.94s
6.42 car_005: 接続 cross_020
6.43 car_002: 進入 
6.73 car_001: 接続 cross_010
6.77 car_001: 進入 
6.79 car_005: 接続 cross_020
7.0 car_004: 進入 
7.21 car_000: 進入 
7.21 car_003: 進入 
7.23 car_000: 接続 cross_010
7.29 car_006: 接続 cross_010
7.3 car_006: 接続 cross_010
7.32 car_006: 進入 
7.32 car_000: 進入 
7.35 car_002: 接続 cross_019
7.45 car_006: 進入 
7.46 car_003: 接続 cross_010
7.53 car_001: 接続 cross_010
7.57 car_003: 通過 
7.57 car_003: 移動 1.69s
8.1 car_004: 接続 cross_010
8.1 car_000: 通過 
8.1 car_000: 移動 1.69s
8.1 car_004: 進入 
8.21 car_006: 接続 cross_010
8.21 car_006: 進入 
8.33 car_003: 接続 cross_016
8.43 car_003: 進入 
8.44 car_002: 通過 
8.44 car_002: 移動 1.36s
8.64 car_003: 進入 
8.64 car_000: 進入 
8.75 car_002: 進入 
8.77 car_001: 通過 
8.77 car_001: 移動 1.69s
9.0 car_004: 通過 
9.01 car_004: 移動 1.69s
9.17 car_005: 進入 
9.21 car_000: 通過 
9.21 car_000: 移動 1.15s
9.22 car_003: 通過 
9.22 car_003: 移動 1.15s
9.27 car_003: 接続 cross_017
9.32 car_005: 進入 
9.32 car_006: 通過 
9.32 car_006: 移動 1.69s
9.45 car_006: 通過 
9.45 car_006: 移動 1.15s
9.53 car_000: 通過 
9.53 car_000: 移動 2.4s
9.79 car_000: 接続 cross_023
9.8 car_002: 接続 cross_020
9.95 car_003: 進入 
9.97 car_005: 進入 
10.1 car_000: 進入 
10.1 car_004: 通過 
10.1 car_004: 移動 1.15s
10.2 car_003: 進入 
10.2 car_006: 通過 
10.2 car_006: 移動 2.4s
10.4 car_000: 接続 cross_023
10.4 car_003: 接続 cross_017
10.4 car_003: 通過 
10.4 car_003: 移動 2.4s
10.4 car_005: 進入 
10.4 car_002: 進入 
10.5 car_001: 接続 cross_016
10.6 car_006: 接続 cross_023
10.6 car_003: 通過 
10.6 car_003: 移動 1.61s
10.6 car_000: 通過 
10.6 car_000: 移動 1.61s
10.7 car_005: 進入 
10.7 car_006: 進入 
10.7 car_004: 接続 cross_017
10.8 car_002: 通過 
10.8 car_002: 移動 1.95s
10.8 car_004: 進入 
10.9 car_006: 進入 
11.0 car_004: 進入 
11.0 car_006: 進入 
11.0 car_006: 接続 cross_023
11.1 car_006: 進入 
11.2 car_005: 通過 
11.2 car_005: 移動 1.95s
11.2 car_005: 進入 
11.2 car_006: 進入 
11.2 car_000: 進入 
11.3 car_004: 接続 cross_017
11.3 car_005: 通過 
11.3 car_005: 移動 1.56s
11.9 car_000: 接続 cross_024
12.0 car_003: 通過 
12.0 car_003: 移動 1.62s
12.0 car_005: 通過 
12.0 car_005: 移動 2.16s
12.1 car_000: 通過 
12.1 car_000: 移動 1.62s
12.2 car_003: 通過 
12.2 car_003: 移動 2.39s
12.3 car_003: 到着 1
12.3 car_000: 接続 cross_030
12.4 car_005: 通過 
12.4 car_005: 移動 1.49s
12.6 car_006: 接続 cross_023
12.6 car_002: 通過 
12.6 car_002: 移動 1.56s
12.7 car_005: 通過 
12.7 car_005: 移動 2.06s
12.7 car_006: 通過 
12.7 car_006: 移動 1.61s
12.7 car_002: 接続 cross_032
12.8 car_004: 通過 
12.8 car_004: 移動 2.4s
12.8 car_003: 到着 2
12.9 car_006: 通過 
12.9 car_006: 移動 1.62s
12.9 car_005: 接続 cross_035
13.0 car_004: 通過 
13.0 car_004: 移動 1.61s
13.0 car_006: 通過 
13.0 car_006: 移動 2.39s
13.1 car_006: 通過 
13.1 car_006: 移動 1.74s
13.1 car_005: 接続 cross_035
13.2 car_005: 通過 
13.2 car_005: 移動 1.91s
13.2 car_006: 通過 
13.2 car_000: 通過 
13.2 car_000: 移動 2.39s
13.6 car_003: 到着 3
13.7 car_000: 到着 4
13.9 car_003: 進入 
13.9 car_005: 到着 5
14.0 car_000: 進入 
14.0 car_005: 進入 
14.1 car_005: 到着 6
14.2 car_002: 接続 cross_032
14.2 car_005: 進入 
14.2 car_002: 進入 
14.3 car_006: 到着 7

経過時間 14.4 s


14.5 car_006: 到着 8
14.6 car_003: 到着 9
14.6 car_004: 接続 cross_024
14.7 car_005: 到着 10
14.8 car_006: 到着 11
15.1 car_005: 到着 12
15.2 car_004: 接続 cross_024
15.4 car_006: 到着 13
15.6 car_000: 到着 14
15.9 car_003: 通過 
15.9 car_003: 移動 1.74s
16.0 car_005: 通過 
16.0 car_005: 移動 2.12s
16.0 car_000: 通過 
16.0 car_000: 移動 1.74s
16.3 car_005: 通過 
16.5 car_002: 通過 
16.5 car_002: 移動 2.16s
17.7 car_003: 到着 15
17.8 car_000: 到着 16
18.1 car_005: 到着 17
18.6 car_002: 接続 cross_033
