--- NEW ---
    PROCESS_DELAY: 0.1
    CAR_SPEED    : 50
    CHECK_CONGESTION_RANGE: (-6, 3)
    CONFLICT_NUM : 5
    ARRIVAL_DELAY: 0.5
    ENTRY_DELAY  : 0.2
    CAR_PASSED_TIME   : 2
    TRAFFIC_LIGHT_TIME: (10, 10, 10, 10)
    TIME_RANDOM_RANGE : (0, 3)
clients
[{'time': 0, 'start_node': 'cross_001', 'goal_node': 'cross_036'},
 {'time': 0, 'start_node': 'cross_001', 'goal_node': 'cross_036'},
 {'time': 0, 'start_node': 'cross_001', 'goal_node': 'cross_036'},
 {'time': 0, 'start_node': 'cross_001', 'goal_node': 'cross_036'},
 {'time': 0, 'start_node': 'cross_001', 'goal_node': 'cross_036'},
 {'time': 0, 'start_node': 'cross_001', 'goal_node': 'cross_036'},
 {'time': 0, 'start_node': 'cross_001', 'goal_node': 'cross_036'}]

0.00731 car_000: 開始 0.00719 s  cross_001->cross_036
0.00782 car_000: 探索 cross_001 -> cross_036
0.00797 car_001: 開始 0.00787 s  cross_001->cross_036
0.00832 car_001: 探索 cross_001 -> cross_036
0.00841 car_002: 開始 0.00818 s  cross_001->cross_036
0.00881 car_002: 探索 cross_001 -> cross_036
0.00926 car_003: 開始 0.00885 s  cross_001->cross_036
0.00967 car_003: 探索 cross_001 -> cross_036
0.00974 car_004: 開始 0.00955 s  cross_001->cross_036
0.0102 car_004: 探索 cross_001 -> cross_036
0.0103 car_005: 開始 0.01 s  cross_001->cross_036
0.0106 car_005: 探索 cross_001 -> cross_036
0.0107 car_006: 開始 0.0104 s  cross_001->cross_036
0.0111 car_006: 探索 cross_001 -> cross_036
0.201 car_002: 経路 ['cross_001', 'cross_002', 'cross_008', 'cross_009', 'cross_010', 'cross_016', 'cross_017', 'cross_023', 'cross_024', 'cross_030', 'cross_036']
0.202 car_003: 経路 ['cross_001', 'cross_002', 'cross_008', 'cross_009', 'cross_010', 'cross_016', 'cross_017', 'cross_023', 'cross_024', 'cross_030', 'cross_036']
0.214 car_002: 接続 cross_002
0.221 car_002: 進入 
0.251 car_003: 接続 cross_002
0.26 car_005: 経路 ['cross_001', 'cross_002', 'cross_008', 'cross_009', 'cross_010', 'cross_016', 'cross_017', 'cross_023', 'cross_024', 'cross_030', 'cross_036']
0.261 car_006: 経路 ['cross_001', 'cross_002', 'cross_008', 'cross_009', 'cross_010', 'cross_016', 'cross_017', 'cross_023', 'cross_024', 'cross_030', 'cross_036']
0.262 car_000: 経路 ['cross_001', 'cross_002', 'cross_008', 'cross_009', 'cross_010', 'cross_016', 'cross_017', 'cross_023', 'cross_024', 'cross_030', 'cross_036']
0.262 car_004: 経路 ['cross_001', 'cross_002', 'cross_008', 'cross_009', 'cross_010', 'cross_016', 'cross_017', 'cross_023', 'cross_024', 'cross_030', 'cross_036']
0.263 car_001: 経路 ['cross_001', 'cross_002', 'cross_008', 'cross_009', 'cross_010', 'cross_016', 'cross_017', 'cross_023', 'cross_024', 'cross_030', 'cross_036']
0.283 car_006: 接続 cross_002
0.292 car_005: 接続 cross_002
0.303 car_001: 回避 ['cross_002']
0.33 car_004: 接続 cross_002
0.337 car_003: 進入 
0.34 car_004: 進入 
0.342 car_006: 進入 
0.344 car_005: 進入 
0.384 car_000: 回避 ['cross_002']
0.426 car_001: 経路 ['cross_001', 'cross_007', 'cross_008', 'cross_009', 'cross_010', 'cross_016', 'cross_017', 'cross_023', 'cross_024', 'cross_030', 'cross_036']
0.431 car_001: 回避 ['cross_002', 'cross_009']
0.44 car_000: 経路 ['cross_001', 'cross_007', 'cross_008', 'cross_009', 'cross_010', 'cross_016', 'cross_017', 'cross_023', 'cross_024', 'cross_030', 'cross_036']
0.446 car_000: 回避 ['cross_002', 'cross_009']
0.476 car_001: 経路 ['cross_001', 'cross_007', 'cross_013', 'cross_019', 'cross_020', 'cross_026', 'cross_032', 'cross_033', 'cross_034', 'cross_035', 'cross_036']
0.487 car_001: 接続 cross_007
0.497 car_000: 経路 ['cross_001', 'cross_007', 'cross_013', 'cross_019', 'cross_020', 'cross_026', 'cross_032', 'cross_033', 'cross_034', 'cross_035', 'cross_036']
0.506 car_000: 接続 cross_007
0.554 car_001: 進入 
0.557 car_000: 進入 
2.23 car_002: 通過 
2.23 car_002: 移動 2.1s
2.34 car_003: 通過 
2.34 car_003: 移動 2.1s
2.55 car_004: 通過 
2.55 car_004: 移動 2.1s
2.56 car_001: 通過 
2.56 car_001: 移動 2.55s
2.75 car_006: 通過 
2.75 car_006: 移動 2.1s
2.76 car_000: 通過 
2.76 car_000: 移動 2.55s
2.95 car_005: 通過 
2.95 car_005: 移動 2.1s
4.34 car_002: 接続 cross_008
4.35 car_002: 進入 
4.45 car_003: 接続 cross_008
4.46 car_003: 進入 
4.66 car_004: 接続 cross_008
4.67 car_004: 進入 
4.87 car_006: 接続 cross_008
4.89 car_006: 進入 
5.06 car_005: 接続 cross_008
5.1 car_005: 進入 
5.12 car_001: 接続 cross_013
5.21 car_001: 進入 
5.32 car_000: 接続 cross_013
5.33 car_000: 進入 
6.36 car_002: 通過 
6.36 car_002: 移動 1.67s
6.47 car_003: 通過 
6.47 car_003: 移動 1.67s
6.68 car_004: 通過 
6.68 car_004: 移動 1.67s
6.9 car_006: 通過 
6.9 car_006: 移動 1.67s
7.11 car_005: 通過 
7.11 car_005: 移動 1.67s
7.22 car_001: 通過 
7.22 car_001: 移動 1.96s
7.34 car_000: 通過 
7.34 car_000: 移動 1.96s
8.04 car_002: 接続 cross_009
8.06 car_002: 進入 
8.15 car_003: 接続 cross_009
8.16 car_003: 進入 
8.36 car_004: 接続 cross_009
8.37 car_004: 進入 
8.57 car_006: 接続 cross_009
8.59 car_006: 進入 
8.79 car_005: 接続 cross_009
8.81 car_005: 進入 
9.18 car_001: 接続 cross_019
9.22 car_001: 進入 
9.3 car_000: 接続 cross_019
9.34 car_000: 進入 
10.1 car_002: 通過 
10.1 car_002: 移動 1.94s
10.2 car_003: 通過 
10.2 car_003: 移動 1.94s
10.4 car_004: 通過 
10.4 car_004: 移動 1.94s
10.6 car_006: 通過 
10.6 car_006: 移動 1.94s
10.8 car_005: 通過 
10.8 car_005: 移動 1.94s
11.2 car_001: 通過 
11.2 car_001: 移動 1.36s
11.3 car_000: 通過 
11.3 car_000: 移動 1.36s
12.0 car_002: 接続 cross_010
12.1 car_002: 進入 
12.1 car_003: 接続 cross_010
12.2 car_003: 進入 
12.3 car_004: 接続 cross_010
12.4 car_004: 進入 
12.5 car_006: 接続 cross_010
12.6 car_001: 接続 cross_020
12.6 car_001: 進入 
12.7 car_000: 接続 cross_020
12.7 car_000: 進入 
12.8 car_005: 接続 cross_010
12.9 car_005: 進入 
13.0 car_000: 進入 
13.1 car_001: 進入 
13.2 car_002: 進入 
14.1 car_006: 進入 
14.1 car_004: 進入 
14.1 car_002: 通過 
14.1 car_002: 移動 1.69s
14.2 car_003: 通過 
14.2 car_003: 移動 1.69s
14.4 car_004: 通過 
14.4 car_004: 移動 1.69s
14.6 car_001: 通過 
14.6 car_001: 移動 1.95s
14.7 car_000: 通過 
14.7 car_000: 移動 1.95s
15.0 car_005: 通過 
15.0 car_005: 移動 1.69s
15.1 car_001: 通過 
15.1 car_001: 移動 1.56s
15.3 car_000: 通過 
15.3 car_000: 移動 1.56s
15.3 car_002: 通過 
15.3 car_002: 移動 1.15s
15.5 car_001: 進入 
15.5 car_000: 進入 
15.8 car_002: 接続 cross_017
15.8 car_002: 進入 
15.9 car_003: 接続 cross_016
16.0 car_003: 進入 
16.2 car_004: 接続 cross_016
16.3 car_004: 進入 
16.3 car_004: 通過 
16.3 car_004: 移動 1.15s
16.3 car_006: 通過 
16.3 car_006: 移動 1.69s
16.4 car_000: 進入 
16.4 car_005: 進入 
16.5 car_002: 接続 cross_017
16.5 car_002: 進入 
16.6 car_001: 接続 cross_032
16.6 car_001: 進入 
16.7 car_005: 接続 cross_016
16.7 car_001: 接続 cross_032
16.8 car_000: 接続 cross_032
16.9 car_000: 接続 cross_032
17.0 car_005: 進入 
17.0 car_000: 進入 
17.2 car_004: 進入 
17.5 car_004: 接続 cross_017
17.5 car_001: 通過 
17.5 car_001: 移動 2.16s
17.7 car_000: 通過 
17.7 car_000: 移動 2.16s
17.8 car_002: 通過 
17.8 car_002: 移動 2.4s
18.0 car_006: 接続 cross_016
18.0 car_003: 通過 
18.1 car_003: 移動 1.15s
18.1 car_006: 進入 
18.3 car_004: 通過 
18.3 car_004: 移動 2.4s
18.4 car_000: 通過 
18.4 car_000: 移動 1.49s
18.5 car_002: 通過 
18.5 car_002: 移動 1.61s
18.6 car_005: 通過 
18.6 car_005: 移動 1.15s
18.6 car_001: 通過 
18.6 car_001: 移動 1.49s
18.8 car_002: 進入 
19.0 car_005: 通過 
19.0 car_005: 移動 2.4s
19.0 car_000: 通過 
19.0 car_000: 移動 2.06s
19.2 car_003: 接続 cross_017
19.2 car_004: 通過 
19.2 car_004: 移動 1.61s
19.6 car_001: 接続 cross_034
19.8 car_005: 接続 cross_023
19.8 car_000: 接続 cross_035
19.9 car_003: 進入 
19.9 car_000: 接続 cross_035
20.1 car_006: 通過 
20.1 car_006: 移動 1.15s
20.1 car_001: 接続 cross_034
20.1 car_002: 接続 cross_024
20.2 car_002: 接続 cross_024
20.2 car_006: 進入 
20.3 car_002: 進入 
20.7 car_004: 接続 cross_024
20.7 car_002: 進入 
20.8 car_004: 接続 cross_024
20.8 car_002: 通過 
20.8 car_002: 移動 1.62s
21.1 car_000: 接続 cross_035
21.2 car_006: 接続 cross_017
21.3 car_001: 進入 
21.3 car_002: 進入 
21.4 car_001: 進入 
21.4 car_005: 接続 cross_023
21.6 car_006: 進入 
21.9 car_003: 通過 
21.9 car_003: 移動 2.4s
22.2 car_006: 通過 
22.2 car_006: 移動 2.4s
22.2 car_003: 進入 
22.3 car_002: 通過 
22.3 car_002: 移動 2.39s
22.5 car_002: 到着 1
22.7 car_002: 通過 
22.7 car_002: 移動 1.74s
23.3 car_001: 通過 
23.3 car_001: 移動 2.06s
23.4 car_001: 通過 
23.4 car_001: 移動 1.91s
23.5 car_002: 通過 
23.6 car_006: 通過 
23.6 car_006: 移動 1.61s
23.8 car_005: 進入 
24.0 car_003: 進入 
24.0 car_004: 進入 
24.1 car_005: 進入 
24.2 car_005: 進入 
24.2 car_002: 進入 
24.2 car_001: 進入 
24.2 car_000: 進入 
24.2 car_003: 進入 
24.3 car_003: 通過 
24.3 car_003: 移動 1.61s
24.3 car_003: 接続 cross_024
24.4 car_003: 進入 
24.5 car_002: 到着 2
24.5 car_005: 進入 
24.7 car_006: 接続 cross_024
24.7 car_002: 到着 3
24.7 car_006: 進入 
25.0 car_006: 進入 
25.0 car_000: 進入 
25.1 car_002: 進入 
25.1 car_004: 進入 
25.2 car_006: 接続 cross_024
25.3 car_006: 進入 
25.3 car_001: 到着 4
25.3 car_001: 到着 5
25.4 car_006: 進入 
25.5 car_003: 進入 
25.8 car_005: 通過 
25.8 car_005: 移動 1.61s
25.9 car_003: 接続 cross_024
26.0 car_003: 通過 
26.0 car_003: 移動 1.62s
26.0 car_004: 通過 
26.0 car_004: 移動 1.62s
26.1 car_005: 通過 
26.1 car_005: 移動 1.62s
26.2 car_005: 通過 
26.2 car_005: 移動 2.39s
26.2 car_001: 通過 
26.2 car_001: 移動 2.12s
26.2 car_000: 通過 
26.2 car_000: 移動 1.91s
26.2 car_003: 通過 
26.2 car_003: 移動 2.39s
26.3 car_005: 進入 
26.4 car_003: 通過 
26.4 car_003: 移動 1.74s
26.5 car_005: 通過 
26.5 car_005: 移動 1.74s
26.7 car_006: 通過 
26.7 car_006: 移動 1.62s
26.9 car_003: 進入 
27.0 car_000: 進入 
27.0 car_005: 進入 
27.0 car_000: 通過 
27.0 car_000: 移動 2.12s
27.0 car_006: 通過 
27.0 car_006: 移動 2.39s
27.1 car_004: 通過 
27.1 car_004: 移動 2.39s
27.2 car_006: 進入 
27.3 car_006: 通過 
27.3 car_006: 移動 1.74s
27.3 car_000: 進入 
27.4 car_006: 通過 
27.4 car_005: 到着 6
27.5 car_003: 通過 
27.5 car_004: 進入 
27.6 car_002: 進入 
27.6 car_005: 進入 
27.6 car_003: 到着 7
27.6 car_004: 到着 8

経過時間 27.7 s


27.8 car_005: 到着 9
28.1 car_003: 到着 10
28.2 car_000: 到着 11
28.2 car_005: 到着 12
28.3 car_006: 到着 13
28.3 car_005: 通過 
28.4 car_001: 到着 14
28.6 car_005: 到着 15
28.6 car_003: 到着 16
29.0 car_000: 通過 
29.0 car_006: 到着 17
29.2 car_000: 到着 18
29.4 car_006: 到着 19
29.5 car_004: 通過 
29.5 car_004: 移動 1.74s
29.5 car_004: 到着 20
31.2 car_004: 到着 21
