--- NEW ---
    PROCESS_DELAY: 0.1
    CAR_SPEED    : 50
    CHECK_CONGESTION_RANGE: (-6, 3)
    CONFLICT_NUM : 5
    ARRIVAL_DELAY: 0.5
    ENTRY_DELAY  : 0.2
    CAR_PASSED_TIME   : 2
    TRAFFIC_LIGHT_TIME: (10, 10, 10, 10)
    TIME_RANDOM_RANGE : (0, 3)
clients
[{'time': 0, 'start_node': 'cross_001', 'goal_node': 'cross_036'},
 {'time': 0, 'start_node': 'cross_001', 'goal_node': 'cross_036'},
 {'time': 0, 'start_node': 'cross_001', 'goal_node': 'cross_036'},
 {'time': 0, 'start_node': 'cross_001', 'goal_node': 'cross_036'},
 {'time': 0, 'start_node': 'cross_001', 'goal_node': 'cross_036'},
 {'time': 0, 'start_node': 'cross_001', 'goal_node': 'cross_036'},
 {'time': 0, 'start_node': 'cross_001', 'goal_node': 'cross_036'}]

0.198 car_005: 接続 cross_002
0.221 car_006: 接続 cross_002
0.268 car_003: 接続 cross_002
0.288 car_004: 接続 cross_002
0.293 car_005: 進入 
0.295 car_006: 進入 
0.449 car_002: 接続 cross_002
0.469 car_003: 進入 
0.472 car_004: 進入 
0.475 car_002: 進入 
0.578 car_000: 接続 cross_007
0.581 car_000: 進入 
0.612 car_001: 接続 cross_007
0.691 car_001: 進入 
2.3 car_005: 通過 
2.48 car_003: 通過 
2.5 car_006: 通過 
2.59 car_000: 通過 
2.68 car_004: 通過 
2.7 car_001: 通過 
2.89 car_002: 通過 
4.78 car_005: 接続 cross_008
4.83 car_005: 進入 
4.95 car_003: 接続 cross_008
4.98 car_006: 接続 cross_008
5.05 car_003: 進入 
5.05 car_006: 進入 
5.19 car_004: 接続 cross_008
5.2 car_000: 接続 cross_013
5.52 car_000: 進入 
5.52 car_004: 進入 
5.52 car_001: 接続 cross_013
5.57 car_002: 接続 cross_008
5.63 car_001: 進入 
5.63 car_002: 進入 
6.84 car_005: 通過 
7.05 car_003: 通過 
7.26 car_006: 通過 
7.53 car_000: 通過 
7.53 car_004: 通過 
7.64 car_001: 通過 
7.64 car_002: 通過 
7.95 car_005: 接続 cross_009
7.96 car_005: 進入 
8.17 car_003: 接続 cross_009
8.27 car_003: 進入 
8.37 car_006: 接続 cross_009
8.38 car_006: 進入 
8.64 car_004: 接続 cross_009
8.69 car_004: 進入 
8.76 car_002: 接続 cross_009
8.8 car_002: 進入 
8.8 car_000: 接続 cross_014
8.91 car_000: 進入 
8.92 car_001: 接続 cross_014
9.02 car_001: 進入 
9.97 car_005: 通過 
10.3 car_003: 通過 
10.4 car_006: 通過 
10.7 car_004: 通過 
10.8 car_002: 通過 
10.9 car_000: 通過 
11.0 car_001: 通過 
12.3 car_005: 接続 cross_015
12.3 car_005: 進入 
12.6 car_003: 接続 cross_015
12.6 car_003: 進入 
12.6 car_000: 接続 cross_020
12.7 car_006: 接続 cross_015
12.7 car_000: 進入 
12.7 car_006: 進入 
12.7 car_001: 接続 cross_020
12.8 car_001: 進入 
13.0 car_004: 接続 cross_015
13.0 car_004: 進入 
13.1 car_002: 接続 cross_015
13.1 car_002: 進入 
14.3 car_005: 通過 
14.6 car_003: 通過 
14.7 car_000: 通過 
14.7 car_006: 通過 
14.8 car_001: 通過 
15.0 car_004: 通過 
15.1 car_002: 通過 
15.9 car_000: 接続 cross_021
15.9 car_000: 進入 
16.0 car_001: 接続 cross_021
16.0 car_001: 進入 
16.0 car_005: 接続 cross_016
16.1 car_005: 進入 
16.3 car_003: 接続 cross_016
16.4 car_003: 進入 
16.4 car_006: 接続 cross_016
16.5 car_006: 進入 
16.7 car_004: 接続 cross_016
16.8 car_002: 接続 cross_016
16.8 car_004: 進入 
16.8 car_002: 進入 
17.9 car_000: 通過 
18.0 car_001: 通過 
18.1 car_005: 通過 
18.4 car_003: 通過 
18.5 car_006: 通過 
18.8 car_004: 通過 
19.1 car_002: 通過 
19.5 car_005: 接続 cross_022
19.6 car_005: 進入 
19.9 car_003: 接続 cross_022
19.9 car_003: 進入 
20.0 car_006: 接続 cross_022
20.0 car_006: 進入 
20.3 car_000: 接続 cross_027
20.3 car_004: 接続 cross_022
20.3 car_000: 進入 
20.3 car_004: 進入 
20.4 car_001: 接続 cross_027
20.4 car_001: 進入 
20.5 car_002: 接続 cross_022
20.5 car_002: 進入 
21.6 car_005: 通過 
21.9 car_003: 通過 
22.0 car_006: 通過 
22.3 car_000: 通過 
22.3 car_004: 通過 
22.4 car_001: 通過 
22.5 car_002: 通過 
23.6 car_000: 接続 cross_033
23.7 car_000: 進入 
23.7 car_001: 接続 cross_033
23.8 car_001: 進入 
23.9 car_005: 接続 cross_023
23.9 car_005: 進入 
24.2 car_003: 接続 cross_023
24.2 car_003: 進入 
24.3 car_006: 接続 cross_023
24.3 car_006: 進入 
24.6 car_004: 接続 cross_023
24.6 car_004: 進入 
24.8 car_002: 接続 cross_023
24.8 car_002: 進入 
25.7 car_000: 通過 
25.8 car_001: 通過 
25.9 car_005: 通過 
26.2 car_003: 通過 
26.3 car_006: 通過 
26.6 car_004: 通過 
26.8 car_005: 接続 cross_029
26.8 car_005: 進入 
26.9 car_002: 通過 
27.1 car_003: 接続 cross_029
27.2 car_003: 進入 
27.2 car_006: 接続 cross_029
27.3 car_006: 進入 
27.5 car_004: 接続 cross_029
27.6 car_004: 進入 
27.7 car_002: 接続 cross_029
27.8 car_002: 進入 
27.8 car_000: 接続 cross_034
27.9 car_000: 進入 
27.9 car_001: 接続 cross_034
28.0 car_001: 進入 
28.8 car_005: 通過 
29.2 car_003: 通過 
29.3 car_006: 通過 
29.6 car_004: 通過 
29.8 car_002: 通過 
29.9 car_000: 通過 
30.0 car_001: 通過 
30.1 car_005: 接続 cross_030
30.2 car_005: 進入 
30.5 car_003: 接続 cross_030
30.5 car_003: 進入 
30.6 car_006: 接続 cross_030
30.6 car_006: 進入 
30.9 car_004: 接続 cross_030
31.0 car_004: 進入 
31.1 car_002: 接続 cross_030
31.2 car_002: 進入 
31.4 car_000: 接続 cross_035
31.4 car_000: 進入 
31.5 car_001: 接続 cross_035
31.5 car_001: 進入 
32.2 car_005: 通過 
32.5 car_003: 通過 
32.6 car_006: 通過 
33.0 car_004: 通過 
33.2 car_002: 通過 
33.4 car_000: 通過 
33.5 car_001: 通過 
34.6 car_005: 到着 1
34.9 car_003: 到着 2
35.0 car_006: 到着 3
35.3 car_004: 到着 4
35.4 car_000: 到着 5
35.5 car_002: 到着 6
35.6 car_001: 到着 7

経過時間 35.6 s


