(80, 80)
処理数 104  待機数 1877
(120, 120)
処理数 102  待機数 1818
(140, 140)
処理数 83  待機数 1662
(160, 160)
処理数 99  待機数 1467
(180, 180)
処理数 86  待機数 1353
(200, 200)
処理数 130  待機数 1201
(300, 300)
処理数 208  待機数 689
(400, 400)
処理数 73  待機数 625
(500, 500)
処理数 298  待機数 168
(600, 600)
処理数 190  待機数 304
(700, 700)
処理数 219  待機数 113
(800, 800)
処理数 220  待機数 85
(900, 900)
処理数 177  待機数 89
(1000, 1000)
処理数 178  待機数 70
(1100, 1100)
処理数 156  待機数 65
(1200, 1200)
処理数 143  待機数 61
(80, 80)
処理数 131  待機数 1920
(100, 100)
処理数 84  待機数 1982
(120, 120)
処理数 105  待機数 1754
(140, 140)
処理数 100  待機数 1608
(160, 160)
処理数 132  待機数 1441
(180, 180)
処理数 80  待機数 1380
(200, 200)
処理数 62  待機数 1246
(300, 300)
処理数 121  待機数 822
(400, 400)
処理数 120  待機数 562
(500, 500)
処理数 255  待機数 302
(600, 600)
処理数 119  待機数 355
(700, 700)
処理数 120  待機数 294
(800, 800)
処理数 195  待機数 104
(900, 900)
処理数 16  待機数 310
(1000, 1000)
処理数 162  待機数 90
(1100, 1100)
処理数 148  待機数 78
(1200, 1200)
処理数 143  待機数 63
(80, 80)
処理数 100  待機数 1982
(120, 120)
処理数 102  待機数 1843
(140, 140)
処理数 113  待機数 1622
(160, 160)
処理数 102  待機数 1416
(180, 180)
処理数 137  待機数 1198
(200, 200)
処理数 104  待機数 1142
(300, 300)
処理数 126  待機数 783
(400, 400)
処理数 90  待機数 594
(500, 500)
処理数 281  待機数 203
(600, 600)
処理数 284  待機数 114
(700, 700)
処理数 21  待機数 390
(800, 800)
処理数 202  待機数 88
(900, 900)
処理数 197  待機数 57
(1000, 1000)
処理数 183  待機数 71
(1100, 1100)
処理数 163  待機数 65
(1200, 1200)
処理数 135  待機数 57
(80, 80)
処理数 125  待機数 1761
(100, 100)
処理数 111  待機数 1837
(120, 120)
処理数 105  待機数 1939
(140, 140)
処理数 152  待機数 1592
(160, 160)
処理数 103  待機数 1496
(180, 180)
処理数 81  待機数 1400
(200, 200)
処理数 36  待機数 1305
(300, 300)
処理数 125  待機数 749
(400, 400)
処理数 189  待機数 464
(500, 500)
処理数 86  待機数 485
(600, 600)
処理数 122  待機数 357
(700, 700)
処理数 222  待機数 107
(800, 800)
処理数 211  待機数 102
(900, 900)
処理数 127  待機数 192
(1000, 1000)
処理数 182  待機数 65
(1100, 1100)
処理数 163  待機数 68
(1200, 1200)
処理数 53  待機数 188
(80, 80)
処理数 119  待機数 1979
(100, 100)
処理数 85  待機数 2001
(120, 120)
処理数 79  待機数 1911
(140, 140)
処理数 89  待機数 1661
(160, 160)
処理数 87  待機数 1496
(180, 180)
処理数 63  待機数 1351
(200, 200)
処理数 50  待機数 1265
(300, 300)
処理数 76  待機数 827
(400, 400)
処理数 191  待機数 500
(500, 500)
処理数 252  待機数 281
(600, 600)
処理数 263  待機数 133
(700, 700)
処理数 198  待機数 210
(800, 800)
処理数 153  待機数 204
(900, 900)
処理数 198  待機数 64
(1000, 1000)
処理数 62  待機数 235
(1100, 1100)
処理数 146  待機数 63
(1200, 1200)
処理数 145  待機数 55
(80, 80)
処理数 114  待機数 1896
(100, 100)
処理数 86  待機数 1927
(120, 120)
処理数 86  待機数 1909
(140, 140)
処理数 88  待機数 1636
(160, 160)
処理数 66  待機数 1535
(180, 180)
処理数 88  待機数 1347
(200, 200)
処理数 48  待機数 1246
(300, 300)
処理数 85  待機数 805
(400, 400)
処理数 76  待機数 617
(500, 500)
処理数 15  待機数 546
(600, 600)
処理数 68  待機数 411
(700, 700)
処理数 222  待機数 112
(800, 800)
処理数 205  待機数 77
(900, 900)
処理数 184  待機数 79
(1000, 1000)
処理数 166  待機数 70
(1100, 1100)
処理数 162  待機数 59
(1200, 1200)
処理数 146  待機数 63
(80, 80)
処理数 84  待機数 1945
(100, 100)
処理数 122  待機数 1740
(120, 120)
処理数 67  待機数 1899
(140, 140)
処理数 114  待機数 1633
(160, 160)
処理数 93  待機数 1496
(180, 180)
処理数 102  待機数 1283
(200, 200)
処理数 59  待機数 1288
(300, 300)
処理数 98  待機数 798
(400, 400)
処理数 85  待機数 607
(500, 500)
処理数 161  待機数 396
(600, 600)
処理数 263  待機数 121
(700, 700)
処理数 52  待機数 372
(800, 800)
処理数 186  待機数 163
(900, 900)
処理数 183  待機数 78
(1000, 1000)
処理数 162  待機数 74
(1100, 1100)
処理数 24  待機数 246
(1200, 1200)
処理数 147  待機数 57
(80, 80)
処理数 87  待機数 2013
(100, 100)
処理数 109  待機数 2001
(120, 120)
処理数 129  待機数 1796
(140, 140)
処理数 56  待機数 1686
(160, 160)
処理数 90  待機数 1484
(180, 180)
処理数 79  待機数 1377
(200, 200)
処理数 63  待機数 1255
(300, 300)
処理数 140  待機数 779
(400, 400)
処理数 90  待機数 620
(500, 500)
処理数 136  待機数 423
(600, 600)
処理数 11  待機数 470
(700, 700)
処理数 238  待機数 102
(800, 800)
処理数 221  待機数 67
(900, 900)
処理数 51  待機数 281
(1000, 1000)
処理数 13  待機数 274
(1100, 1100)
処理数 5  待機数 258
(1200, 1200)
処理数 139  待機数 60
(80, 80)
処理数 131  待機数 1872
(100, 100)
処理数 90  待機数 1992
(120, 120)
処理数 92  待機数 1836
(140, 140)
処理数 113  待機数 1640
(180, 180)
処理数 89  待機数 1372
(200, 200)
処理数 63  待機数 1258
(300, 300)
処理数 68  待機数 864
(400, 400)
処理数 120  待機数 563
(500, 500)
処理数 216  待機数 267
(600, 600)
処理数 244  待機数 149
(700, 700)
処理数 233  待機数 109
(800, 800)
処理数 216  待機数 84
(900, 900)
処理数 202  待機数 77
(1000, 1000)
処理数 171  待機数 66
(1100, 1100)
処理数 166  待機数 63
(1200, 1200)
処理数 148  待機数 51
(180, 180)
処理数 102  待機数 1295
(200, 200)
処理数 76  待機数 1211
(300, 300)
処理数 102  待機数 813
(400, 400)
処理数 96  待機数 595
(500, 500)
処理数 154  待機数 391
(600, 600)
処理数 276  待機数 99
(700, 700)
処理数 164  待機数 248
(800, 800)
処理数 201  待機数 101
(900, 900)
処理数 184  待機数 77
(1000, 1000)
処理数 169  待機数 74
(1100, 1100)
処理数 151  待機数 60
(1200, 1200)
処理数 140  待機数 60
(180, 180)
処理数 104  待機数 1342
(200, 200)
処理数 107  待機数 1211
(300, 300)
処理数 98  待機数 795
(400, 400)
処理数 196  待機数 518
(500, 500)
処理数 97  待機数 472
(600, 600)
処理数 186  待機数 286
(700, 700)
処理数 237  待機数 179
(800, 800)
処理数 108  待機数 253
(900, 900)
処理数 185  待機数 137
(1000, 1000)
処理数 172  待機数 73
(1100, 1100)
処理数 160  待機数 61
(1200, 1200)
処理数 148  待機数 60
(180, 180)
処理数 122  待機数 1232
(200, 200)
処理数 56  待機数 1275
(300, 300)
処理数 117  待機数 789
(400, 400)
処理数 297  待機数 273
(500, 500)
処理数 102  待機数 470
(600, 600)
処理数 152  待機数 312
(700, 700)
処理数 25  待機数 388
(800, 800)
処理数 209  待機数 90
(900, 900)
処理数 180  待機数 79
(1000, 1000)
処理数 175  待機数 75
(1100, 1100)
処理数 160  待機数 50
(1200, 1200)
処理数 148  待機数 72
(180, 180)
処理数 86  待機数 1325
(200, 200)
処理数 133  待機数 1134
(300, 300)
処理数 94  待機数 847
(400, 400)
処理数 157  待機数 545
(500, 500)
処理数 275  待機数 189
(600, 600)
処理数 268  待機数 116
(700, 700)
処理数 39  待機数 378
(800, 800)
処理数 211  待機数 86
(900, 900)
処理数 187  待機数 78
(1000, 1000)
処理数 173  待機数 72
(1100, 1100)
処理数 43  待機数 228
(1200, 1200)
処理数 139  待機数 47
(180, 180)
処理数 93  待機数 1343
(200, 200)
処理数 105  待機数 1168
(300, 300)
処理数 107  待機数 799
(400, 400)
処理数 288  待機数 316
(500, 500)
処理数 301  待機数 148
(600, 600)
処理数 204  待機数 265
(700, 700)
処理数 78  待機数 340
(800, 800)
処理数 200  待機数 85
(900, 900)
処理数 196  待機数 77
(1000, 1000)
処理数 167  待機数 74
(1100, 1100)
処理数 163  待機数 55
(1200, 1200)
処理数 142  待機数 65
(180, 180)
処理数 81  待機数 1370
(200, 200)
処理数 130  待機数 1156
(300, 300)
処理数 231  待機数 650
(400, 400)
処理数 302  待機数 393
(500, 500)
処理数 274  待機数 274
(600, 600)
処理数 256  待機数 122
(700, 700)
処理数 244  待機数 113
(800, 800)
処理数 213  待機数 82
(900, 900)
処理数 204  待機数 72
(1000, 1000)
処理数 169  待機数 74
(1100, 1100)
処理数 155  待機数 64
(1200, 1200)
処理数 156  待機数 47
(180, 180)
処理数 69  待機数 1392
(200, 200)
処理数 79  待機数 1204
(300, 300)
処理数 115  待機数 776
(400, 400)
処理数 95  待機数 616
(500, 500)
処理数 19  待機数 546
(600, 600)
処理数 209  待機数 253
(700, 700)
処理数 217  待機数 103
(800, 800)
処理数 104  待機数 261
(900, 900)
処理数 56  待機数 268
(1000, 1000)
処理数 156  待機数 79
(1100, 1100)
処理数 151  待機数 61
(1200, 1200)
処理数 145  待機数 64
(180, 180)
処理数 147  待機数 1204
(200, 200)
処理数 108  待機数 1162
(300, 300)
処理数 251  待機数 582
(400, 400)
処理数 85  待機数 606
(500, 500)
処理数 65  待機数 510
(600, 600)
処理数 259  待機数 133
(700, 700)
処理数 241  待機数 102
(800, 800)
処理数 215  待機数 88
(900, 900)
処理数 193  待機数 69
(1000, 1000)
処理数 176  待機数 62
(1100, 1100)
処理数 160  待機数 80
(1200, 1200)
処理数 143  待機数 58
(180, 180)
処理数 80  待機数 1340
(200, 200)
処理数 79  待機数 1203
(300, 300)
処理数 300  待機数 580
(400, 400)
処理数 129  待機数 516
(500, 500)
処理数 51  待機数 515
(600, 600)
処理数 258  待機数 109
(700, 700)
処理数 236  待機数 102
(800, 800)
処理数 21  待機数 341
(900, 900)
処理数 22  待機数 303
(1000, 1000)
処理数 160  待機数 71
(1100, 1100)
処理数 166  待機数 64
(1200, 1200)
処理数 137  待機数 68
(180, 180)
処理数 81  待機数 1357
(200, 200)
処理数 53  待機数 1276
(300, 300)
処理数 115  待機数 769
(400, 400)
処理数 44  待機数 665
(500, 500)
処理数 60  待機数 518
(600, 600)
処理数 257  待機数 110
(700, 700)
処理数 243  待機数 96
(800, 800)
処理数 204  待機数 100
(900, 900)
処理数 185  待機数 76
(1000, 1000)
処理数 170  待機数 67
(1100, 1100)
処理数 121  待機数 142
(1200, 1200)
処理数 130  待機数 59
(180, 180)
処理数 35  待機数 1468
(200, 200)
処理数 136  待機数 1169
(300, 300)
処理数 201  待機数 689
(400, 400)
処理数 85  待機数 645
(500, 500)
処理数 325  待機数 144
(600, 600)
処理数 18  待機数 474
(700, 700)
処理数 24  待機数 387
(800, 800)
処理数 198  待機数 167
(900, 900)
処理数 197  待機数 73
(1000, 1000)
処理数 178  待機数 61
(1100, 1100)
処理数 156  待機数 62
(1200, 1200)
処理数 56  待機数 184
(180, 180)
処理数 107  待機数 1239
(200, 200)
処理数 65  待機数 1254
(300, 300)
処理数 137  待機数 755
(400, 400)
処理数 241  待機数 418
(500, 500)
処理数 147  待機数 422
(600, 600)
処理数 52  待機数 425
(700, 700)
処理数 228  待機数 107
(800, 800)
処理数 204  待機数 108
(900, 900)
処理数 64  待機数 260
(1000, 1000)
処理数 169  待機数 72
(1100, 1100)
処理数 161  待機数 61
(1200, 1200)
処理数 149  待機数 57
(180, 180)
処理数 78  待機数 1365
(200, 200)
処理数 32  待機数 1286
(300, 300)
処理数 75  待機数 838
(400, 400)
処理数 138  待機数 550
(500, 500)
処理数 274  待機数 183
(600, 600)
処理数 271  待機数 211
(700, 700)
処理数 189  待機数 219
(800, 800)
処理数 204  待機数 81
(900, 900)
処理数 180  待機数 63
(1000, 1000)
処理数 172  待機数 69
(1100, 1100)
処理数 55  待機数 207
(1200, 1200)
処理数 133  待機数 59
(180, 180)
処理数 85  待機数 1321
(200, 200)
処理数 78  待機数 1228
(300, 300)
処理数 228  待機数 651
(400, 400)
処理数 254  待機数 387
(500, 500)
処理数 170  待機数 393
