(100, 100)
処理数 84  待機数 1982
処理数 111  待機数 1837
処理数 85  待機数 2001
処理数 86  待機数 1927
処理数 122  待機数 1740
処理数 109  待機数 2001
処理数 90  待機数 1992
(500, 500)
処理数 298  待機数 168
処理数 255  待機数 302
処理数 281  待機数 203
処理数 86  待機数 485
処理数 252  待機数 281
処理数 15  待機数 546
処理数 161  待機数 396
処理数 136  待機数 423
処理数 216  待機数 267
処理数 154  待機数 391
処理数 97  待機数 472
処理数 102  待機数 470
処理数 275  待機数 189
処理数 301  待機数 148
処理数 274  待機数 274
処理数 19  待機数 546
処理数 65  待機数 510
処理数 51  待機数 515
処理数 60  待機数 518
処理数 325  待機数 144
処理数 147  待機数 422
処理数 274  待機数 183
処理数 170  待機数 393
(600, 600)
処理数 190  待機数 304
処理数 119  待機数 355
処理数 284  待機数 114
処理数 122  待機数 357
処理数 263  待機数 133
処理数 68  待機数 411
処理数 263  待機数 121
処理数 11  待機数 470
処理数 244  待機数 149
処理数 276  待機数 99
処理数 186  待機数 286
処理数 152  待機数 312
処理数 268  待機数 116
処理数 204  待機数 265
処理数 256  待機数 122
処理数 209  待機数 253
処理数 259  待機数 133
処理数 258  待機数 109
処理数 257  待機数 110
処理数 18  待機数 474
処理数 52  待機数 425
処理数 271  待機数 211
(800, 800)
処理数 220  待機数 85
処理数 195  待機数 104
処理数 202  待機数 88
処理数 211  待機数 102
処理数 153  待機数 204
処理数 205  待機数 77
処理数 186  待機数 163
処理数 221  待機数 67
処理数 216  待機数 84
処理数 201  待機数 101
処理数 108  待機数 253
処理数 209  待機数 90
処理数 211  待機数 86
処理数 200  待機数 85
処理数 213  待機数 82
処理数 104  待機数 261
処理数 215  待機数 88
処理数 21  待機数 341
処理数 204  待機数 100
処理数 198  待機数 167
処理数 204  待機数 108
処理数 204  待機数 81
(1000, 1000)
処理数 178  待機数 70
処理数 162  待機数 90
処理数 183  待機数 71
処理数 182  待機数 65
処理数 62  待機数 235
処理数 166  待機数 70
処理数 162  待機数 74
処理数 13  待機数 274
処理数 171  待機数 66
処理数 169  待機数 74
処理数 172  待機数 73
処理数 175  待機数 75
処理数 173  待機数 72
処理数 167  待機数 74
処理数 169  待機数 74
処理数 156  待機数 79
処理数 176  待機数 62
処理数 160  待機数 71
処理数 170  待機数 67
処理数 178  待機数 61
処理数 169  待機数 72
処理数 172  待機数 69
(80, 80)
処理数 104  待機数 1877
処理数 131  待機数 1920
処理数 100  待機数 1982
処理数 125  待機数 1761
処理数 119  待機数 1979
処理数 114  待機数 1896
処理数 84  待機数 1945
処理数 87  待機数 2013
処理数 131  待機数 1872
(120, 120)
処理数 102  待機数 1818
処理数 105  待機数 1754
処理数 102  待機数 1843
処理数 105  待機数 1939
処理数 79  待機数 1911
処理数 86  待機数 1909
処理数 67  待機数 1899
処理数 129  待機数 1796
処理数 92  待機数 1836
(200, 200)
処理数 130  待機数 1201
処理数 62  待機数 1246
処理数 104  待機数 1142
処理数 36  待機数 1305
処理数 50  待機数 1265
処理数 48  待機数 1246
処理数 59  待機数 1288
処理数 63  待機数 1255
処理数 63  待機数 1258
処理数 76  待機数 1211
処理数 107  待機数 1211
処理数 56  待機数 1275
処理数 133  待機数 1134
処理数 105  待機数 1168
処理数 130  待機数 1156
処理数 79  待機数 1204
処理数 108  待機数 1162
処理数 79  待機数 1203
処理数 53  待機数 1276
処理数 136  待機数 1169
処理数 65  待機数 1254
処理数 32  待機数 1286
処理数 78  待機数 1228
(900, 900)
処理数 177  待機数 89
処理数 16  待機数 310
処理数 197  待機数 57
処理数 127  待機数 192
処理数 198  待機数 64
処理数 184  待機数 79
処理数 183  待機数 78
処理数 51  待機数 281
処理数 202  待機数 77
処理数 184  待機数 77
処理数 185  待機数 137
処理数 180  待機数 79
処理数 187  待機数 78
処理数 196  待機数 77
処理数 204  待機数 72
処理数 56  待機数 268
処理数 193  待機数 69
処理数 22  待機数 303
処理数 185  待機数 76
処理数 197  待機数 73
処理数 64  待機数 260
処理数 180  待機数 63
(1200, 1200)
処理数 143  待機数 61
処理数 143  待機数 63
処理数 135  待機数 57
処理数 53  待機数 188
処理数 145  待機数 55
処理数 146  待機数 63
処理数 147  待機数 57
処理数 139  待機数 60
処理数 148  待機数 51
処理数 140  待機数 60
処理数 148  待機数 60
処理数 148  待機数 72
処理数 139  待機数 47
処理数 142  待機数 65
処理数 156  待機数 47
処理数 145  待機数 64
処理数 143  待機数 58
処理数 137  待機数 68
処理数 130  待機数 59
処理数 56  待機数 184
処理数 149  待機数 57
処理数 133  待機数 59
(140, 140)
処理数 83  待機数 1662
処理数 100  待機数 1608
処理数 113  待機数 1622
処理数 152  待機数 1592
処理数 89  待機数 1661
処理数 88  待機数 1636
処理数 114  待機数 1633
処理数 56  待機数 1686
処理数 113  待機数 1640
(160, 160)
処理数 99  待機数 1467
処理数 132  待機数 1441
処理数 102  待機数 1416
処理数 103  待機数 1496
処理数 87  待機数 1496
処理数 66  待機数 1535
処理数 93  待機数 1496
処理数 90  待機数 1484
(700, 700)
処理数 219  待機数 113
処理数 120  待機数 294
処理数 21  待機数 390
処理数 222  待機数 107
処理数 198  待機数 210
処理数 222  待機数 112
処理数 52  待機数 372
処理数 238  待機数 102
処理数 233  待機数 109
処理数 164  待機数 248
処理数 237  待機数 179
処理数 25  待機数 388
処理数 39  待機数 378
処理数 78  待機数 340
処理数 244  待機数 113
処理数 217  待機数 103
処理数 241  待機数 102
処理数 236  待機数 102
処理数 243  待機数 96
処理数 24  待機数 387
処理数 228  待機数 107
処理数 189  待機数 219
(1100, 1100)
処理数 156  待機数 65
処理数 148  待機数 78
処理数 163  待機数 65
処理数 163  待機数 68
処理数 146  待機数 63
処理数 162  待機数 59
処理数 24  待機数 246
処理数 5  待機数 258
処理数 166  待機数 63
処理数 151  待機数 60
処理数 160  待機数 61
処理数 160  待機数 50
処理数 43  待機数 228
処理数 163  待機数 55
処理数 155  待機数 64
処理数 151  待機数 61
処理数 160  待機数 80
処理数 166  待機数 64
処理数 121  待機数 142
処理数 156  待機数 62
処理数 161  待機数 61
処理数 55  待機数 207
(400, 400)
処理数 73  待機数 625
処理数 120  待機数 562
処理数 90  待機数 594
処理数 189  待機数 464
処理数 191  待機数 500
処理数 76  待機数 617
処理数 85  待機数 607
処理数 90  待機数 620
処理数 120  待機数 563
処理数 96  待機数 595
処理数 196  待機数 518
処理数 297  待機数 273
処理数 157  待機数 545
処理数 288  待機数 316
処理数 302  待機数 393
処理数 95  待機数 616
処理数 85  待機数 606
処理数 129  待機数 516
処理数 44  待機数 665
処理数 85  待機数 645
処理数 241  待機数 418
処理数 138  待機数 550
処理数 254  待機数 387
(300, 300)
処理数 208  待機数 689
処理数 121  待機数 822
処理数 126  待機数 783
処理数 125  待機数 749
処理数 76  待機数 827
処理数 85  待機数 805
処理数 98  待機数 798
処理数 140  待機数 779
処理数 68  待機数 864
処理数 102  待機数 813
処理数 98  待機数 795
処理数 117  待機数 789
処理数 94  待機数 847
処理数 107  待機数 799
処理数 231  待機数 650
処理数 115  待機数 776
処理数 251  待機数 582
処理数 300  待機数 580
処理数 115  待機数 769
処理数 201  待機数 689
処理数 137  待機数 755
処理数 75  待機数 838
処理数 228  待機数 651
(180, 180)
処理数 86  待機数 1353
処理数 80  待機数 1380
処理数 137  待機数 1198
処理数 81  待機数 1400
処理数 63  待機数 1351
処理数 88  待機数 1347
処理数 102  待機数 1283
処理数 79  待機数 1377
処理数 89  待機数 1372
処理数 102  待機数 1295
処理数 104  待機数 1342
処理数 122  待機数 1232
処理数 86  待機数 1325
処理数 93  待機数 1343
処理数 81  待機数 1370
処理数 69  待機数 1392
処理数 147  待機数 1204
処理数 80  待機数 1340
処理数 81  待機数 1357
処理数 35  待機数 1468
処理数 107  待機数 1239
処理数 78  待機数 1365
処理数 85  待機数 1321
