[80, 80]
処理数 137  待機数 1840
[100, 100]
処理数 127  待機数 1851
[120, 120]
処理数 142  待機数 1810
[140, 140]
処理数 133  待機数 1595
[160, 160]
処理数 139  待機数 1472
[180, 180]
処理数 136  待機数 1310
[200, 200]
処理数 222  待機数 1111
[300, 300]
処理数 692  待機数 3
[400, 400]
処理数 534  待機数 3
[500, 500]
処理数 420  待機数 4
[600, 600]
処理数 354  待機数 1
[700, 700]
処理数 310  待機数 2
[800, 800]
処理数 275  待機数 5
[900, 900]
処理数 244  待機数 0
[1000, 1000]
処理数 230  待機数 0
[1100, 1100]
処理数 195  待機数 1
[1200, 1200]
処理数 175  待機数 0
(80, 80)
処理数 170  待機数 1732
(100, 100)
処理数 115  待機数 1911
(120, 120)
処理数 141  待機数 1748
(140, 140)
処理数 124  待機数 1648
(160, 160)
処理数 184  待機数 1354
(180, 180)
処理数 151  待機数 1274
(200, 200)
処理数 187  待機数 1140
(300, 300)
処理数 684  待機数 4
(400, 400)
処理数 554  待機数 3
(500, 500)
処理数 432  待機数 2
(600, 600)
処理数 364  待機数 0
(700, 700)
処理数 307  待機数 4
(800, 800)
処理数 271  待機数 1
(900, 900)
処理数 238  待機数 3
(1000, 1000)
処理数 223  待機数 2
(1100, 1100)
処理数 199  待機数 1
(1200, 1200)
処理数 182  待機数 0
(80, 80)
処理数 139  待機数 1948
(100, 100)
処理数 248  待機数 1497
(120, 120)
処理数 108  待機数 1868
(140, 140)
処理数 119  待機数 1609
(160, 160)
処理数 159  待機数 1405
(180, 180)
処理数 187  待機数 1188
(200, 200)
処理数 139  待機数 1185
(300, 300)
処理数 336  待機数 569
(400, 400)
処理数 522  待機数 1
(500, 500)
処理数 423  待機数 1
(600, 600)
処理数 355  待機数 0
(700, 700)
処理数 307  待機数 1
(800, 800)
処理数 262  待機数 1
(900, 900)
処理数 248  待機数 0
(1000, 1000)
処理数 208  待機数 0
(1100, 1100)
処理数 186  待機数 0
(1200, 1200)
処理数 186  待機数 0
(80, 80)
処理数 123  待機数 1890
(100, 100)
処理数 160  待機数 1790
(120, 120)
処理数 163  待機数 1816
(140, 140)
処理数 137  待機数 1644
(160, 160)
処理数 191  待機数 1392
(180, 180)
処理数 177  待機数 1299
(200, 200)
処理数 86  待機数 1252
(300, 300)
処理数 277  待機数 639
(400, 400)
処理数 522  待機数 3
(500, 500)
処理数 420  待機数 1
(600, 600)
処理数 365  待機数 0
(700, 700)
処理数 311  待機数 1
(800, 800)
処理数 277  待機数 1
(900, 900)
処理数 257  待機数 0
(1000, 1000)
処理数 216  待機数 0
(1100, 1100)
処理数 199  待機数 0
(1200, 1200)
処理数 185  待機数 1
(80, 80)
処理数 108  待機数 1993
(100, 100)
処理数 313  待機数 1315
(120, 120)
処理数 128  待機数 1836
(140, 140)
処理数 123  待機数 1580
(160, 160)
処理数 140  待機数 1441
(180, 180)
処理数 149  待機数 1275
(200, 200)
処理数 157  待機数 1158
(300, 300)
処理数 217  待機数 696
(400, 400)
処理数 517  待機数 6
(500, 500)
処理数 428  待機数 2
(600, 600)
処理数 358  待機数 0
(700, 700)
処理数 312  待機数 3
(800, 800)
処理数 273  待機数 0
(900, 900)
処理数 235  待機数 0
(1000, 1000)
処理数 214  待機数 3
(1100, 1100)
処理数 198  待機数 1
(1200, 1200)
処理数 184  待機数 0
(80, 80)
処理数 138  待機数 1918
(100, 100)
処理数 193  待機数 1733
(120, 120)
処理数 150  待機数 1744
(140, 140)
処理数 113  待機数 1620
(160, 160)
処理数 149  待機数 1437
(180, 180)
処理数 136  待機数 1328
(200, 200)
処理数 107  待機数 1218
(300, 300)
処理数 682  待機数 209
(400, 400)
処理数 514  待機数 4
(500, 500)
処理数 447  待機数 3
(600, 600)
処理数 369  待機数 0
(700, 700)
処理数 304  待機数 0
(800, 800)
処理数 264  待機数 2
(900, 900)
処理数 239  待機数 0
(1000, 1000)
処理数 218  待機数 0
(1100, 1100)
処理数 191  待機数 0
(1200, 1200)
処理数 185  待機数 1
(80, 80)
処理数 140  待機数 1898
(100, 100)
処理数 440  待機数 1171
(120, 120)
処理数 138  待機数 1810
(140, 140)
処理数 95  待機数 1631
(160, 160)
処理数 152  待機数 1409
(180, 180)
処理数 185  待機数 1242
(200, 200)
処理数 143  待機数 1153
(300, 300)
処理数 513  待機数 416
(400, 400)
処理数 525  待機数 5
(500, 500)
処理数 450  待機数 4
(600, 600)
処理数 367  待機数 1
(700, 700)
処理数 324  待機数 1
(800, 800)
処理数 275  待機数 3
(900, 900)
処理数 241  待機数 0
(1000, 1000)
処理数 216  待機数 0
(1100, 1100)
処理数 201  待機数 0
(1200, 1200)
処理数 179  待機数 0
(80, 80)
処理数 165  待機数 1757
(100, 100)
処理数 135  待機数 1779
(120, 120)
処理数 118  待機数 1832
(140, 140)
処理数 116  待機数 1614
(160, 160)
処理数 155  待機数 1398
(180, 180)
処理数 125  待機数 1298
(200, 200)
処理数 175  待機数 1125
(300, 300)
処理数 379  待機数 558
(400, 400)
処理数 529  待機数 2
(500, 500)
処理数 419  待機数 5
(600, 600)
処理数 356  待機数 3
(700, 700)
処理数 308  待機数 1
(800, 800)
処理数 267  待機数 3
(900, 900)
処理数 238  待機数 2
(1000, 1000)
処理数 215  待機数 0
(1100, 1100)
処理数 195  待機数 0
(1200, 1200)
処理数 189  待機数 0
(80, 80)
処理数 121  待機数 1858
(100, 100)
処理数 189  待機数 1642
(120, 120)
処理数 136  待機数 1827
(140, 140)
処理数 112  待機数 1640
(180, 180)
処理数 172  待機数 1264
(200, 200)
処理数 135  待機数 1170
(300, 300)
処理数 262  待機数 644
(400, 400)
処理数 516  待機数 6
(500, 500)
処理数 420  待機数 0
(600, 600)
処理数 360  待機数 1
(700, 700)
処理数 300  待機数 3
(800, 800)
処理数 286  待機数 0
(900, 900)
処理数 241  待機数 1
(1000, 1000)
処理数 219  待機数 0
(1100, 1100)
処理数 197  待機数 2
(1200, 1200)
処理数 177  待機数 3
(180, 180)
処理数 153  待機数 1301
(200, 200)
処理数 152  待機数 1166
(300, 300)
処理数 679  待機数 10
(400, 400)
処理数 534  待機数 2
(500, 500)
処理数 425  待機数 2
(600, 600)
処理数 371  待機数 0
(700, 700)
処理数 299  待機数 3
(800, 800)
処理数 275  待機数 3
(900, 900)
処理数 237  待機数 1
(1000, 1000)
処理数 217  待機数 2
(1100, 1100)
処理数 207  待機数 2
(1200, 1200)
処理数 183  待機数 1
(180, 180)
処理数 135  待機数 1315
(200, 200)
処理数 266  待機数 1062
(300, 300)
処理数 471  待機数 390
(400, 400)
処理数 521  待機数 5
(500, 500)
処理数 420  待機数 5
(600, 600)
処理数 368  待機数 0
(700, 700)
処理数 307  待機数 1
(800, 800)
処理数 272  待機数 1
(900, 900)
処理数 235  待機数 2
(1000, 1000)
処理数 226  待機数 1
(1100, 1100)
処理数 201  待機数 1
(1200, 1200)
処理数 190  待機数 0
(180, 180)
処理数 157  待機数 1268
(200, 200)
処理数 151  待機数 1145
(300, 300)
処理数 654  待機数 266
(400, 400)
処理数 526  待機数 2
(500, 500)
処理数 420  待機数 3
(600, 600)
処理数 360  待機数 1
(700, 700)
処理数 315  待機数 3
(800, 800)
処理数 273  待機数 0
(900, 900)
処理数 237  待機数 2
(1000, 1000)
処理数 219  待機数 0
(1100, 1100)
処理数 195  待機数 0
(1200, 1200)
処理数 187  待機数 1
(180, 180)
処理数 179  待機数 1272
(200, 200)
処理数 179  待機数 1129
(300, 300)
処理数 677  待機数 9
(400, 400)
処理数 537  待機数 3
(500, 500)
処理数 434  待機数 1
(600, 600)
処理数 354  待機数 2
(700, 700)
処理数 313  待機数 1
(800, 800)
処理数 275  待機数 1
(900, 900)
処理数 259  待機数 0
(1000, 1000)
処理数 219  待機数 2
(1100, 1100)
処理数 180  待機数 0
(1200, 1200)
処理数 188  待機数 0
(180, 180)
処理数 155  待機数 1261
(200, 200)
処理数 171  待機数 1176
(300, 300)
処理数 688  待機数 8
(400, 400)
処理数 536  待機数 5
(500, 500)
処理数 427  待機数 7
(600, 600)
処理数 365  待機数 2
(700, 700)
処理数 314  待機数 2
(800, 800)
処理数 265  待機数 2
(900, 900)
処理数 234  待機数 0
(1000, 1000)
処理数 215  待機数 1
(1100, 1100)
処理数 194  待機数 1
(1200, 1200)
処理数 185  待機数 0
(180, 180)
処理数 177  待機数 1303
(200, 200)
処理数 259  待機数 1063
(300, 300)
処理数 695  待機数 8
(400, 400)
処理数 543  待機数 1
(500, 500)
処理数 431  待機数 1
(600, 600)
処理数 349  待機数 2
(700, 700)
処理数 301  待機数 3
(800, 800)
処理数 264  待機数 1
(900, 900)
処理数 245  待機数 1
(1000, 1000)
処理数 217  待機数 1
(1100, 1100)
処理数 198  待機数 0
(1200, 1200)
処理数 180  待機数 0
(180, 180)
処理数 236  待機数 1191
(200, 200)
処理数 121  待機数 1203
(300, 300)
処理数 688  待機数 8
(400, 400)
処理数 521  待機数 3
(500, 500)
処理数 423  待機数 2
(600, 600)
処理数 363  待機数 3
(700, 700)
処理数 322  待機数 1
(800, 800)
処理数 279  待機数 0
(900, 900)
処理数 251  待機数 0
(1000, 1000)
処理数 224  待機数 0
(1100, 1100)
処理数 202  待機数 2
(1200, 1200)
処理数 179  待機数 0
(180, 180)
処理数 119  待機数 1343
(200, 200)
処理数 149  待機数 1137
(300, 300)
処理数 610  待機数 324
(400, 400)
処理数 521  待機数 4
(500, 500)
処理数 425  待機数 0
(600, 600)
処理数 359  待機数 1
(700, 700)
処理数 316  待機数 0
(800, 800)
処理数 258  待機数 2
(900, 900)
処理数 250  待機数 1
(1000, 1000)
処理数 223  待機数 2
(1100, 1100)
処理数 194  待機数 0
(1200, 1200)
処理数 182  待機数 0
(180, 180)
処理数 123  待機数 1294
(200, 200)
処理数 194  待機数 1082
(300, 300)
処理数 689  待機数 11
(400, 400)
処理数 528  待機数 5
(500, 500)
処理数 425  待機数 0
(600, 600)
処理数 354  待機数 1
(700, 700)
処理数 298  待機数 2
(800, 800)
処理数 262  待機数 0
(900, 900)
処理数 241  待機数 0
(1000, 1000)
処理数 216  待機数 0
(1100, 1100)
処理数 196  待機数 0
(1200, 1200)
処理数 181  待機数 4
(180, 180)
処理数 205  待機数 1152
(200, 200)
処理数 115  待機数 1214
(300, 300)
処理数 259  待機数 674
(400, 400)
処理数 523  待機数 2
(500, 500)
処理数 429  待機数 4
(600, 600)
処理数 371  待機数 0
(700, 700)
処理数 306  待機数 1
(800, 800)
処理数 268  待機数 1
(900, 900)
処理数 241  待機数 2
(1000, 1000)
処理数 210  待機数 0
(1100, 1100)
処理数 201  待機数 1
(1200, 1200)
処理数 170  待機数 0
(180, 180)
処理数 129  待機数 1332
(200, 200)
処理数 225  待機数 1159
(300, 300)
処理数 683  待機数 7
(400, 400)
処理数 531  待機数 8
(500, 500)
処理数 430  待機数 2
(600, 600)
処理数 367  待機数 0
(700, 700)
処理数 314  待機数 0
(800, 800)
処理数 273  待機数 0
(900, 900)
処理数 235  待機数 4
(1000, 1000)
処理数 224  待機数 0
(1100, 1100)
処理数 198  待機数 0
(1200, 1200)
処理数 184  待機数 0
(180, 180)
処理数 165  待機数 1274
(200, 200)
処理数 151  待機数 1132
(300, 300)
処理数 673  待機数 256
(400, 400)
処理数 526  待機数 1
(500, 500)
処理数 440  待機数 3
(600, 600)
処理数 368  待機数 0
(700, 700)
処理数 319  待機数 0
(800, 800)
処理数 265  待機数 0
(900, 900)
処理数 237  待機数 1
(1000, 1000)
処理数 216  待機数 0
(1100, 1100)
処理数 190  待機数 1
(1200, 1200)
処理数 183  待機数 0
(180, 180)
処理数 181  待機数 1273
(200, 200)
処理数 166  待機数 1150
(300, 300)
処理数 461  待機数 466
(400, 400)
処理数 532  待機数 1
(500, 500)
処理数 423  待機数 3
(600, 600)
処理数 350  待機数 0
(700, 700)
処理数 300  待機数 1
(800, 800)
処理数 270  待機数 0
(900, 900)
処理数 239  待機数 3
(1000, 1000)
処理数 221  待機数 1
(1100, 1100)
処理数 199  待機数 1
(1200, 1200)
処理数 180  待機数 3
(180, 180)
処理数 178  待機数 1228
(200, 200)
処理数 156  待機数 1156
(300, 300)
処理数 670  待機数 15
(400, 400)
処理数 537  待機数 5
(500, 500)
処理数 435  待機数 1
