# マップの大きさ
MAP_SIZE = 12
# 処理の遅延
PROCESS_DELAY = 0.1
# 車の速さ
CAR_SPEED = 10
# 交差点混雑度を検索する時間範囲
CHECK_CONGESTION_RANGE = (-10, 5)
# 混雑と判断されない車の最大数
CONFLICT_NUM = 5
# 交差点到着予定時間を出す上での1台あたりの遅延
ARRIVAL_DELAY = 0.5
# 待機中の前方の車1台あたりの遅延(待機位置から交差点進入まで)
ENTRY_DELAY = 0.5
# 交差点を通過するまでの時間
CAR_PASSED_TIME = 2
# 信号機の時間
TRAFFIC_LIGHT_TIME = (20, 20)
# 黄色信号の時間
TRAFFIC_LIGHT_TIME_YELLOW = 5
# 1ターンに1方向から進入できる車の最大数
CAN_ENTRY_NUM = (10, 10)
# クライアントの時間差をランダムにした時の範囲(ms)
TIME_RANDOM_RANGE = (0, 1000)

10分
[1500, 1500]
処理数 117  待機数 38
[1500, 1500]
処理数 112  待機数 48
[1550, 1550]
処理数 118  待機数 44
[1550, 1550]
処理数 42  待機数 149
[1600, 1600]
処理数 59  待機数 119
[1600, 1600]
処理数 111  待機数 34
[1650, 1650]
処理数 111  待機数 35
[1650, 1650]
処理数 99  待機数 42
[1700, 1700]
処理数 102  待機数 46
[1700, 1700]
処理数 102  待機数 71
[1750, 1750]
処理数 96  待機数 40
[1750, 1750]
処理数 94  待機数 42
[1800, 1800]
処理数 101  待機数 39
[1800, 1800]
処理数 95  待機数 43
[1850, 1850]
処理数 95  待機数 29
[1850, 1850]
処理数 96  待機数 35
[1900, 1900]
処理数 88  待機数 30
[1900, 1900]
処理数 95  待機数 41
[1950, 1950]
処理数 99  待機数 32
[1950, 1950]
処理数 8  待機数 141
[2000, 2000]
処理数 93  待機数 36
[2000, 2000]
処理数 72  待機数 40
[2050, 2050]
処理数 90  待機数 36
[2050, 2050]
処理数 84  待機数 57
[2100, 2100]
処理数 80  待機数 34
[2100, 2100]
処理数 88  待機数 31
