[220, 220]
処理数 741  待機数 61
処理数 730  待機数 39

[240, 240]
処理数 793  待機数 31
処理数 857  待機数 3

[260, 260]
処理数 801  待機数 11
処理数 796  待機数 5
処理数 807  待機数 10

[280, 280]
処理数 744  待機数 12
処理数 757  待機数 7
処理数 762  待機数 7
[300, 300]
処理数 684  待機数 7
[300, 300]
処理数 706  待機数 10
[300, 300]
処理数 703  待機数 7
[320, 320]
処理数 669  待機数 8
[320, 320]
処理数 666  待機数 4
[320, 320]
処理数 654  待機数 5
[340, 340]
処理数 626  待機数 5
[340, 340]
処理数 620  待機数 5
[340, 340]
処理数 635  待機数 5
[360, 360]
処理数 591  待機数 4
[360, 360]
処理数 608  待機数 2
[360, 360]
処理数 601  待機数 4
[380, 380]
処理数 587  待機数 2
[380, 380]
処理数 551  待機数 4
[380, 380]
処理数 551  待機数 5
