[220, 220]
処理数 952  待機数 11
処理数 978  待機数 7
処理数 950  待機数 12

[240, 240]
処理数 908  待機数 7
処理数 894  待機数 6
処理数 889  待機数 12

[260, 260]
処理数 848  待機数 17
処理数 824  待機数 8
処理数 840  待機数 15

[280, 280]
処理数 756  待機数 11
処理数 767  待機数 10
処理数 764  待機数 6
[300, 300]
処理数 712  待機数 8
[300, 300]
処理数 721  待機数 8
[300, 300]
処理数 729  待機数 12
[320, 320]
処理数 675  待機数 3
[320, 320]
処理数 667  待機数 13
[320, 320]
処理数 675  待機数 9
[340, 340]
処理数 632  待機数 6
[340, 340]
処理数 631  待機数 3
[340, 340]
処理数 641  待機数 8
[360, 360]
処理数 600  待機数 2
[360, 360]
処理数 590  待機数 4
[360, 360]
処理数 605  待機数 6
[380, 380]
処理数 583  待機数 3
[380, 380]
処理数 589  待機数 9
[380, 380]
処理数 572  待機数 3
